[2025-01-09 23:25:30] local.ERROR: Illuminate\Routing\UrlGenerator::__construct(): Argument #2 ($request) must be of type Illuminate\Http\Request, null given, called in C:\Users\ASUS\Desktop\Maquette-1\vendor\laravel\framework\src\Illuminate\Routing\RoutingServiceProvider.php on line 63 {"exception":"[object] (TypeError(code: 0): Illuminate\\Routing\\UrlGenerator::__construct(): Argument #2 ($request) must be of type Illuminate\\Http\\Request, null given, called in C:\\Users\\ASUS\\Desktop\\Maquette-1\\vendor\\laravel\\framework\\src\\Illuminate\\Routing\\RoutingServiceProvider.php on line 63 at C:\\Users\\ASUS\\Desktop\\Maquette-1\\vendor\\laravel\\framework\\src\\Illuminate\\Routing\\UrlGenerator.php:129)
[stacktrace]
#0 C:\\Users\\ASUS\\Desktop\\Maquette-1\\vendor\\laravel\\framework\\src\\Illuminate\\Routing\\RoutingServiceProvider.php(63): Illuminate\\Routing\\UrlGenerator->__construct(Object(Illuminate\\Routing\\RouteCollection), NULL, NULL)
#1 C:\\Users\\ASUS\\Desktop\\Maquette-1\\vendor\\laravel\\framework\\src\\Illuminate\\Container\\Container.php(937): Illuminate\\Routing\\RoutingServiceProvider->Illuminate\\Routing\\{closure}(Object(Illuminate\\Foundation\\Application), Array)
#2 C:\\Users\\ASUS\\Desktop\\Maquette-1\\vendor\\laravel\\framework\\src\\Illuminate\\Container\\Container.php(819): Illuminate\\Container\\Container->build(Object(Closure))
#3 C:\\Users\\ASUS\\Desktop\\Maquette-1\\vendor\\laravel\\framework\\src\\Illuminate\\Foundation\\Application.php(1048): Illuminate\\Container\\Container->resolve('url', Array, true)
#4 C:\\Users\\ASUS\\Desktop\\Maquette-1\\vendor\\laravel\\framework\\src\\Illuminate\\Container\\Container.php(755): Illuminate\\Foundation\\Application->resolve('url', Array)
#5 C:\\Users\\ASUS\\Desktop\\Maquette-1\\vendor\\laravel\\framework\\src\\Illuminate\\Foundation\\Application.php(1030): Illuminate\\Container\\Container->make('url', Array)
#6 C:\\Users\\ASUS\\Desktop\\Maquette-1\\vendor\\laravel\\framework\\src\\Illuminate\\Foundation\\helpers.php(124): Illuminate\\Foundation\\Application->make('url', Array)
#7 C:\\Users\\ASUS\\Desktop\\Maquette-1\\vendor\\laravel\\framework\\src\\Illuminate\\Foundation\\helpers.php(853): app('url')
#8 C:\\Users\\ASUS\\Desktop\\Maquette-1\\config\\adminlte.php(327): route('create.qcm')
#9 C:\\Users\\ASUS\\Desktop\\Maquette-1\\vendor\\laravel\\framework\\src\\Illuminate\\Foundation\\Bootstrap\\LoadConfiguration.php(96): require('C:\\\\Users\\\\ASUS\\\\D...')
#10 C:\\Users\\ASUS\\Desktop\\Maquette-1\\vendor\\laravel\\framework\\src\\Illuminate\\Foundation\\Bootstrap\\LoadConfiguration.php(96): Illuminate\\Foundation\\Bootstrap\\LoadConfiguration->Illuminate\\Foundation\\Bootstrap\\{closure}()
#11 C:\\Users\\ASUS\\Desktop\\Maquette-1\\vendor\\laravel\\framework\\src\\Illuminate\\Foundation\\Bootstrap\\LoadConfiguration.php(77): Illuminate\\Foundation\\Bootstrap\\LoadConfiguration->loadConfigurationFile(Object(Illuminate\\Config\\Repository), 'adminlte', 'C:\\\\Users\\\\ASUS\\\\D...', Array)
#12 C:\\Users\\ASUS\\Desktop\\Maquette-1\\vendor\\laravel\\framework\\src\\Illuminate\\Foundation\\Bootstrap\\LoadConfiguration.php(38): Illuminate\\Foundation\\Bootstrap\\LoadConfiguration->loadConfigurationFiles(Object(Illuminate\\Foundation\\Application), Object(Illuminate\\Config\\Repository))
#13 C:\\Users\\ASUS\\Desktop\\Maquette-1\\vendor\\laravel\\framework\\src\\Illuminate\\Foundation\\Application.php(316): Illuminate\\Foundation\\Bootstrap\\LoadConfiguration->bootstrap(Object(Illuminate\\Foundation\\Application))
#14 C:\\Users\\ASUS\\Desktop\\Maquette-1\\vendor\\laravel\\framework\\src\\Illuminate\\Foundation\\Console\\Kernel.php(474): Illuminate\\Foundation\\Application->bootstrapWith(Array)
#15 C:\\Users\\ASUS\\Desktop\\Maquette-1\\vendor\\laravel\\framework\\src\\Illuminate\\Foundation\\Console\\ConfigCacheCommand.php(90): Illuminate\\Foundation\\Console\\Kernel->bootstrap()
#16 C:\\Users\\ASUS\\Desktop\\Maquette-1\\vendor\\laravel\\framework\\src\\Illuminate\\Foundation\\Console\\ConfigCacheCommand.php(60): Illuminate\\Foundation\\Console\\ConfigCacheCommand->getFreshConfiguration()
#17 C:\\Users\\ASUS\\Desktop\\Maquette-1\\vendor\\laravel\\framework\\src\\Illuminate\\Container\\BoundMethod.php(36): Illuminate\\Foundation\\Console\\ConfigCacheCommand->handle()
#18 C:\\Users\\ASUS\\Desktop\\Maquette-1\\vendor\\laravel\\framework\\src\\Illuminate\\Container\\Util.php(43): Illuminate\\Container\\BoundMethod::Illuminate\\Container\\{closure}()
#19 C:\\Users\\ASUS\\Desktop\\Maquette-1\\vendor\\laravel\\framework\\src\\Illuminate\\Container\\BoundMethod.php(95): Illuminate\\Container\\Util::unwrapIfClosure(Object(Closure))
#20 C:\\Users\\ASUS\\Desktop\\Maquette-1\\vendor\\laravel\\framework\\src\\Illuminate\\Container\\BoundMethod.php(35): Illuminate\\Container\\BoundMethod::callBoundMethod(Object(Illuminate\\Foundation\\Application), Array, Object(Closure))
#21 C:\\Users\\ASUS\\Desktop\\Maquette-1\\vendor\\laravel\\framework\\src\\Illuminate\\Container\\Container.php(694): Illuminate\\Container\\BoundMethod::call(Object(Illuminate\\Foundation\\Application), Array, Array, NULL)
#22 C:\\Users\\ASUS\\Desktop\\Maquette-1\\vendor\\laravel\\framework\\src\\Illuminate\\Console\\Command.php(213): Illuminate\\Container\\Container->call(Array)
#23 C:\\Users\\ASUS\\Desktop\\Maquette-1\\vendor\\symfony\\console\\Command\\Command.php(279): Illuminate\\Console\\Command->execute(Object(Symfony\\Component\\Console\\Input\\ArgvInput), Object(Illuminate\\Console\\OutputStyle))
#24 C:\\Users\\ASUS\\Desktop\\Maquette-1\\vendor\\laravel\\framework\\src\\Illuminate\\Console\\Command.php(182): Symfony\\Component\\Console\\Command\\Command->run(Object(Symfony\\Component\\Console\\Input\\ArgvInput), Object(Illuminate\\Console\\OutputStyle))
#25 C:\\Users\\ASUS\\Desktop\\Maquette-1\\vendor\\symfony\\console\\Application.php(1094): Illuminate\\Console\\Command->run(Object(Symfony\\Component\\Console\\Input\\ArgvInput), Object(Symfony\\Component\\Console\\Output\\ConsoleOutput))
#26 C:\\Users\\ASUS\\Desktop\\Maquette-1\\vendor\\symfony\\console\\Application.php(342): Symfony\\Component\\Console\\Application->doRunCommand(Object(Illuminate\\Foundation\\Console\\ConfigCacheCommand), Object(Symfony\\Component\\Console\\Input\\ArgvInput), Object(Symfony\\Component\\Console\\Output\\ConsoleOutput))
#27 C:\\Users\\ASUS\\Desktop\\Maquette-1\\vendor\\symfony\\console\\Application.php(193): Symfony\\Component\\Console\\Application->doRun(Object(Symfony\\Component\\Console\\Input\\ArgvInput), Object(Symfony\\Component\\Console\\Output\\ConsoleOutput))
#28 C:\\Users\\ASUS\\Desktop\\Maquette-1\\vendor\\laravel\\framework\\src\\Illuminate\\Foundation\\Console\\Kernel.php(198): Symfony\\Component\\Console\\Application->run(Object(Symfony\\Component\\Console\\Input\\ArgvInput), Object(Symfony\\Component\\Console\\Output\\ConsoleOutput))
#29 C:\\Users\\ASUS\\Desktop\\Maquette-1\\vendor\\laravel\\framework\\src\\Illuminate\\Foundation\\Application.php(1205): Illuminate\\Foundation\\Console\\Kernel->handle(Object(Symfony\\Component\\Console\\Input\\ArgvInput), Object(Symfony\\Component\\Console\\Output\\ConsoleOutput))
#30 C:\\Users\\ASUS\\Desktop\\Maquette-1\\artisan(13): Illuminate\\Foundation\\Application->handleCommand(Object(Symfony\\Component\\Console\\Input\\ArgvInput))
#31 {main}
"} 
[2025-01-10 00:25:31] laravel.EMERGENCY: Unable to create configured logger. Using emergency logger. {"exception":"[object] (InvalidArgumentException(code: 0): Log [] is not defined. at C:\\Users\\ASUS\\Desktop\\Maquette-1\\vendor\\laravel\\framework\\src\\Illuminate\\Log\\LogManager.php:232)
[stacktrace]
#0 C:\\Users\\ASUS\\Desktop\\Maquette-1\\vendor\\laravel\\framework\\src\\Illuminate\\Log\\LogManager.php(139): Illuminate\\Log\\LogManager->resolve('', NULL)
#1 C:\\Users\\ASUS\\Desktop\\Maquette-1\\vendor\\laravel\\framework\\src\\Illuminate\\Log\\LogManager.php(126): Illuminate\\Log\\LogManager->get('')
#2 C:\\Users\\ASUS\\Desktop\\Maquette-1\\vendor\\laravel\\framework\\src\\Illuminate\\Log\\LogManager.php(701): Illuminate\\Log\\LogManager->driver()
#3 C:\\Users\\ASUS\\Desktop\\Maquette-1\\vendor\\laravel\\framework\\src\\Illuminate\\Foundation\\Exceptions\\Handler.php(380): Illuminate\\Log\\LogManager->error('Route [create.q...', Array)
#4 C:\\Users\\ASUS\\Desktop\\Maquette-1\\vendor\\laravel\\framework\\src\\Illuminate\\Foundation\\Exceptions\\Handler.php(343): Illuminate\\Foundation\\Exceptions\\Handler->reportThrowable(Object(Symfony\\Component\\Routing\\Exception\\RouteNotFoundException))
#5 C:\\Users\\ASUS\\Desktop\\Maquette-1\\vendor\\laravel\\framework\\src\\Illuminate\\Foundation\\Http\\Kernel.php(563): Illuminate\\Foundation\\Exceptions\\Handler->report(Object(Symfony\\Component\\Routing\\Exception\\RouteNotFoundException))
#6 C:\\Users\\ASUS\\Desktop\\Maquette-1\\vendor\\laravel\\framework\\src\\Illuminate\\Foundation\\Http\\Kernel.php(147): Illuminate\\Foundation\\Http\\Kernel->reportException(Object(Symfony\\Component\\Routing\\Exception\\RouteNotFoundException))
#7 C:\\Users\\ASUS\\Desktop\\Maquette-1\\vendor\\laravel\\framework\\src\\Illuminate\\Foundation\\Application.php(1190): Illuminate\\Foundation\\Http\\Kernel->handle(Object(Illuminate\\Http\\Request))
#8 C:\\Users\\ASUS\\Desktop\\Maquette-1\\public\\index.php(17): Illuminate\\Foundation\\Application->handleRequest(Object(Illuminate\\Http\\Request))
#9 C:\\Users\\ASUS\\Desktop\\Maquette-1\\vendor\\laravel\\framework\\src\\Illuminate\\Foundation\\resources\\server.php(23): require_once('C:\\\\Users\\\\ASUS\\\\D...')
#10 {main}
"} 
[2025-01-10 00:25:31] laravel.ERROR: Route [create.qcm] not defined. {"exception":"[object] (Symfony\\Component\\Routing\\Exception\\RouteNotFoundException(code: 0): Route [create.qcm] not defined. at C:\\Users\\ASUS\\Desktop\\Maquette-1\\vendor\\laravel\\framework\\src\\Illuminate\\Routing\\UrlGenerator.php:517)
[stacktrace]
#0 C:\\Users\\ASUS\\Desktop\\Maquette-1\\vendor\\laravel\\framework\\src\\Illuminate\\Foundation\\helpers.php(853): Illuminate\\Routing\\UrlGenerator->route('create.qcm', Array, true)
#1 C:\\Users\\ASUS\\Desktop\\Maquette-1\\config\\adminlte.php(327): route('create.qcm')
#2 C:\\Users\\ASUS\\Desktop\\Maquette-1\\vendor\\laravel\\framework\\src\\Illuminate\\Foundation\\Bootstrap\\LoadConfiguration.php(96): require('C:\\\\Users\\\\ASUS\\\\D...')
#3 C:\\Users\\ASUS\\Desktop\\Maquette-1\\vendor\\laravel\\framework\\src\\Illuminate\\Foundation\\Bootstrap\\LoadConfiguration.php(96): Illuminate\\Foundation\\Bootstrap\\LoadConfiguration->Illuminate\\Foundation\\Bootstrap\\{closure}()
#4 C:\\Users\\ASUS\\Desktop\\Maquette-1\\vendor\\laravel\\framework\\src\\Illuminate\\Foundation\\Bootstrap\\LoadConfiguration.php(77): Illuminate\\Foundation\\Bootstrap\\LoadConfiguration->loadConfigurationFile(Object(Illuminate\\Config\\Repository), 'adminlte', 'C:\\\\Users\\\\ASUS\\\\D...', Array)
#5 C:\\Users\\ASUS\\Desktop\\Maquette-1\\vendor\\laravel\\framework\\src\\Illuminate\\Foundation\\Bootstrap\\LoadConfiguration.php(38): Illuminate\\Foundation\\Bootstrap\\LoadConfiguration->loadConfigurationFiles(Object(Illuminate\\Foundation\\Application), Object(Illuminate\\Config\\Repository))
#6 C:\\Users\\ASUS\\Desktop\\Maquette-1\\vendor\\laravel\\framework\\src\\Illuminate\\Foundation\\Application.php(316): Illuminate\\Foundation\\Bootstrap\\LoadConfiguration->bootstrap(Object(Illuminate\\Foundation\\Application))
#7 C:\\Users\\ASUS\\Desktop\\Maquette-1\\vendor\\laravel\\framework\\src\\Illuminate\\Foundation\\Http\\Kernel.php(187): Illuminate\\Foundation\\Application->bootstrapWith(Array)
#8 C:\\Users\\ASUS\\Desktop\\Maquette-1\\vendor\\laravel\\framework\\src\\Illuminate\\Foundation\\Http\\Kernel.php(171): Illuminate\\Foundation\\Http\\Kernel->bootstrap()
#9 C:\\Users\\ASUS\\Desktop\\Maquette-1\\vendor\\laravel\\framework\\src\\Illuminate\\Foundation\\Http\\Kernel.php(145): Illuminate\\Foundation\\Http\\Kernel->sendRequestThroughRouter(Object(Illuminate\\Http\\Request))
#10 C:\\Users\\ASUS\\Desktop\\Maquette-1\\vendor\\laravel\\framework\\src\\Illuminate\\Foundation\\Application.php(1190): Illuminate\\Foundation\\Http\\Kernel->handle(Object(Illuminate\\Http\\Request))
#11 C:\\Users\\ASUS\\Desktop\\Maquette-1\\public\\index.php(17): Illuminate\\Foundation\\Application->handleRequest(Object(Illuminate\\Http\\Request))
#12 C:\\Users\\ASUS\\Desktop\\Maquette-1\\vendor\\laravel\\framework\\src\\Illuminate\\Foundation\\resources\\server.php(23): require_once('C:\\\\Users\\\\ASUS\\\\D...')
#13 {main}
"} 
[2025-01-10 00:25:34] laravel.EMERGENCY: Unable to create configured logger. Using emergency logger. {"exception":"[object] (InvalidArgumentException(code: 0): Log [] is not defined. at C:\\Users\\ASUS\\Desktop\\Maquette-1\\vendor\\laravel\\framework\\src\\Illuminate\\Log\\LogManager.php:232)
[stacktrace]
#0 C:\\Users\\ASUS\\Desktop\\Maquette-1\\vendor\\laravel\\framework\\src\\Illuminate\\Log\\LogManager.php(139): Illuminate\\Log\\LogManager->resolve('', NULL)
#1 C:\\Users\\ASUS\\Desktop\\Maquette-1\\vendor\\laravel\\framework\\src\\Illuminate\\Log\\LogManager.php(126): Illuminate\\Log\\LogManager->get('')
#2 C:\\Users\\ASUS\\Desktop\\Maquette-1\\vendor\\laravel\\framework\\src\\Illuminate\\Log\\LogManager.php(701): Illuminate\\Log\\LogManager->driver()
#3 C:\\Users\\ASUS\\Desktop\\Maquette-1\\vendor\\laravel\\framework\\src\\Illuminate\\Foundation\\Exceptions\\Handler.php(380): Illuminate\\Log\\LogManager->error('Route [create.q...', Array)
#4 C:\\Users\\ASUS\\Desktop\\Maquette-1\\vendor\\laravel\\framework\\src\\Illuminate\\Foundation\\Exceptions\\Handler.php(343): Illuminate\\Foundation\\Exceptions\\Handler->reportThrowable(Object(Symfony\\Component\\Routing\\Exception\\RouteNotFoundException))
#5 C:\\Users\\ASUS\\Desktop\\Maquette-1\\vendor\\laravel\\framework\\src\\Illuminate\\Foundation\\Http\\Kernel.php(563): Illuminate\\Foundation\\Exceptions\\Handler->report(Object(Symfony\\Component\\Routing\\Exception\\RouteNotFoundException))
#6 C:\\Users\\ASUS\\Desktop\\Maquette-1\\vendor\\laravel\\framework\\src\\Illuminate\\Foundation\\Http\\Kernel.php(147): Illuminate\\Foundation\\Http\\Kernel->reportException(Object(Symfony\\Component\\Routing\\Exception\\RouteNotFoundException))
#7 C:\\Users\\ASUS\\Desktop\\Maquette-1\\vendor\\laravel\\framework\\src\\Illuminate\\Foundation\\Application.php(1190): Illuminate\\Foundation\\Http\\Kernel->handle(Object(Illuminate\\Http\\Request))
#8 C:\\Users\\ASUS\\Desktop\\Maquette-1\\public\\index.php(17): Illuminate\\Foundation\\Application->handleRequest(Object(Illuminate\\Http\\Request))
#9 C:\\Users\\ASUS\\Desktop\\Maquette-1\\vendor\\laravel\\framework\\src\\Illuminate\\Foundation\\resources\\server.php(23): require_once('C:\\\\Users\\\\ASUS\\\\D...')
#10 {main}
"} 
[2025-01-10 00:25:34] laravel.ERROR: Route [create.qcm] not defined. {"exception":"[object] (Symfony\\Component\\Routing\\Exception\\RouteNotFoundException(code: 0): Route [create.qcm] not defined. at C:\\Users\\ASUS\\Desktop\\Maquette-1\\vendor\\laravel\\framework\\src\\Illuminate\\Routing\\UrlGenerator.php:517)
[stacktrace]
#0 C:\\Users\\ASUS\\Desktop\\Maquette-1\\vendor\\laravel\\framework\\src\\Illuminate\\Foundation\\helpers.php(853): Illuminate\\Routing\\UrlGenerator->route('create.qcm', Array, true)
#1 C:\\Users\\ASUS\\Desktop\\Maquette-1\\config\\adminlte.php(327): route('create.qcm')
#2 C:\\Users\\ASUS\\Desktop\\Maquette-1\\vendor\\laravel\\framework\\src\\Illuminate\\Foundation\\Bootstrap\\LoadConfiguration.php(96): require('C:\\\\Users\\\\ASUS\\\\D...')
#3 C:\\Users\\ASUS\\Desktop\\Maquette-1\\vendor\\laravel\\framework\\src\\Illuminate\\Foundation\\Bootstrap\\LoadConfiguration.php(96): Illuminate\\Foundation\\Bootstrap\\LoadConfiguration->Illuminate\\Foundation\\Bootstrap\\{closure}()
#4 C:\\Users\\ASUS\\Desktop\\Maquette-1\\vendor\\laravel\\framework\\src\\Illuminate\\Foundation\\Bootstrap\\LoadConfiguration.php(77): Illuminate\\Foundation\\Bootstrap\\LoadConfiguration->loadConfigurationFile(Object(Illuminate\\Config\\Repository), 'adminlte', 'C:\\\\Users\\\\ASUS\\\\D...', Array)
#5 C:\\Users\\ASUS\\Desktop\\Maquette-1\\vendor\\laravel\\framework\\src\\Illuminate\\Foundation\\Bootstrap\\LoadConfiguration.php(38): Illuminate\\Foundation\\Bootstrap\\LoadConfiguration->loadConfigurationFiles(Object(Illuminate\\Foundation\\Application), Object(Illuminate\\Config\\Repository))
#6 C:\\Users\\ASUS\\Desktop\\Maquette-1\\vendor\\laravel\\framework\\src\\Illuminate\\Foundation\\Application.php(316): Illuminate\\Foundation\\Bootstrap\\LoadConfiguration->bootstrap(Object(Illuminate\\Foundation\\Application))
#7 C:\\Users\\ASUS\\Desktop\\Maquette-1\\vendor\\laravel\\framework\\src\\Illuminate\\Foundation\\Http\\Kernel.php(187): Illuminate\\Foundation\\Application->bootstrapWith(Array)
#8 C:\\Users\\ASUS\\Desktop\\Maquette-1\\vendor\\laravel\\framework\\src\\Illuminate\\Foundation\\Http\\Kernel.php(171): Illuminate\\Foundation\\Http\\Kernel->bootstrap()
#9 C:\\Users\\ASUS\\Desktop\\Maquette-1\\vendor\\laravel\\framework\\src\\Illuminate\\Foundation\\Http\\Kernel.php(145): Illuminate\\Foundation\\Http\\Kernel->sendRequestThroughRouter(Object(Illuminate\\Http\\Request))
#10 C:\\Users\\ASUS\\Desktop\\Maquette-1\\vendor\\laravel\\framework\\src\\Illuminate\\Foundation\\Application.php(1190): Illuminate\\Foundation\\Http\\Kernel->handle(Object(Illuminate\\Http\\Request))
#11 C:\\Users\\ASUS\\Desktop\\Maquette-1\\public\\index.php(17): Illuminate\\Foundation\\Application->handleRequest(Object(Illuminate\\Http\\Request))
#12 C:\\Users\\ASUS\\Desktop\\Maquette-1\\vendor\\laravel\\framework\\src\\Illuminate\\Foundation\\resources\\server.php(23): require_once('C:\\\\Users\\\\ASUS\\\\D...')
#13 {main}
"} 
[2025-01-10 00:26:06] laravel.EMERGENCY: Unable to create configured logger. Using emergency logger. {"exception":"[object] (InvalidArgumentException(code: 0): Log [] is not defined. at C:\\Users\\ASUS\\Desktop\\Maquette-1\\vendor\\laravel\\framework\\src\\Illuminate\\Log\\LogManager.php:232)
[stacktrace]
#0 C:\\Users\\ASUS\\Desktop\\Maquette-1\\vendor\\laravel\\framework\\src\\Illuminate\\Log\\LogManager.php(139): Illuminate\\Log\\LogManager->resolve('', NULL)
#1 C:\\Users\\ASUS\\Desktop\\Maquette-1\\vendor\\laravel\\framework\\src\\Illuminate\\Log\\LogManager.php(126): Illuminate\\Log\\LogManager->get('')
#2 C:\\Users\\ASUS\\Desktop\\Maquette-1\\vendor\\laravel\\framework\\src\\Illuminate\\Log\\LogManager.php(701): Illuminate\\Log\\LogManager->driver()
#3 C:\\Users\\ASUS\\Desktop\\Maquette-1\\vendor\\laravel\\framework\\src\\Illuminate\\Foundation\\Exceptions\\Handler.php(380): Illuminate\\Log\\LogManager->error('Illuminate\\\\Rout...', Array)
#4 C:\\Users\\ASUS\\Desktop\\Maquette-1\\vendor\\laravel\\framework\\src\\Illuminate\\Foundation\\Exceptions\\Handler.php(343): Illuminate\\Foundation\\Exceptions\\Handler->reportThrowable(Object(TypeError))
#5 C:\\Users\\ASUS\\Desktop\\Maquette-1\\vendor\\laravel\\framework\\src\\Illuminate\\Foundation\\Console\\Kernel.php(621): Illuminate\\Foundation\\Exceptions\\Handler->report(Object(TypeError))
#6 C:\\Users\\ASUS\\Desktop\\Maquette-1\\vendor\\laravel\\framework\\src\\Illuminate\\Foundation\\Console\\Kernel.php(200): Illuminate\\Foundation\\Console\\Kernel->reportException(Object(TypeError))
#7 C:\\Users\\ASUS\\Desktop\\Maquette-1\\vendor\\laravel\\framework\\src\\Illuminate\\Foundation\\Application.php(1205): Illuminate\\Foundation\\Console\\Kernel->handle(Object(Symfony\\Component\\Console\\Input\\ArgvInput), Object(Symfony\\Component\\Console\\Output\\ConsoleOutput))
#8 C:\\Users\\ASUS\\Desktop\\Maquette-1\\artisan(13): Illuminate\\Foundation\\Application->handleCommand(Object(Symfony\\Component\\Console\\Input\\ArgvInput))
#9 {main}
"} 
[2025-01-10 00:26:06] laravel.ERROR: Illuminate\Routing\UrlGenerator::__construct(): Argument #2 ($request) must be of type Illuminate\Http\Request, null given, called in C:\Users\ASUS\Desktop\Maquette-1\vendor\laravel\framework\src\Illuminate\Routing\RoutingServiceProvider.php on line 63 {"exception":"[object] (TypeError(code: 0): Illuminate\\Routing\\UrlGenerator::__construct(): Argument #2 ($request) must be of type Illuminate\\Http\\Request, null given, called in C:\\Users\\ASUS\\Desktop\\Maquette-1\\vendor\\laravel\\framework\\src\\Illuminate\\Routing\\RoutingServiceProvider.php on line 63 at C:\\Users\\ASUS\\Desktop\\Maquette-1\\vendor\\laravel\\framework\\src\\Illuminate\\Routing\\UrlGenerator.php:129)
[stacktrace]
#0 C:\\Users\\ASUS\\Desktop\\Maquette-1\\vendor\\laravel\\framework\\src\\Illuminate\\Routing\\RoutingServiceProvider.php(63): Illuminate\\Routing\\UrlGenerator->__construct(Object(Illuminate\\Routing\\RouteCollection), NULL, NULL)
#1 C:\\Users\\ASUS\\Desktop\\Maquette-1\\vendor\\laravel\\framework\\src\\Illuminate\\Container\\Container.php(937): Illuminate\\Routing\\RoutingServiceProvider->Illuminate\\Routing\\{closure}(Object(Illuminate\\Foundation\\Application), Array)
#2 C:\\Users\\ASUS\\Desktop\\Maquette-1\\vendor\\laravel\\framework\\src\\Illuminate\\Container\\Container.php(819): Illuminate\\Container\\Container->build(Object(Closure))
#3 C:\\Users\\ASUS\\Desktop\\Maquette-1\\vendor\\laravel\\framework\\src\\Illuminate\\Foundation\\Application.php(1048): Illuminate\\Container\\Container->resolve('url', Array, true)
#4 C:\\Users\\ASUS\\Desktop\\Maquette-1\\vendor\\laravel\\framework\\src\\Illuminate\\Container\\Container.php(755): Illuminate\\Foundation\\Application->resolve('url', Array)
#5 C:\\Users\\ASUS\\Desktop\\Maquette-1\\vendor\\laravel\\framework\\src\\Illuminate\\Foundation\\Application.php(1030): Illuminate\\Container\\Container->make('url', Array)
#6 C:\\Users\\ASUS\\Desktop\\Maquette-1\\vendor\\laravel\\framework\\src\\Illuminate\\Foundation\\helpers.php(124): Illuminate\\Foundation\\Application->make('url', Array)
#7 C:\\Users\\ASUS\\Desktop\\Maquette-1\\vendor\\laravel\\framework\\src\\Illuminate\\Foundation\\helpers.php(853): app('url')
#8 C:\\Users\\ASUS\\Desktop\\Maquette-1\\config\\adminlte.php(327): route('create.qcm')
#9 C:\\Users\\ASUS\\Desktop\\Maquette-1\\vendor\\laravel\\framework\\src\\Illuminate\\Foundation\\Bootstrap\\LoadConfiguration.php(96): require('C:\\\\Users\\\\ASUS\\\\D...')
#10 C:\\Users\\ASUS\\Desktop\\Maquette-1\\vendor\\laravel\\framework\\src\\Illuminate\\Foundation\\Bootstrap\\LoadConfiguration.php(96): Illuminate\\Foundation\\Bootstrap\\LoadConfiguration->Illuminate\\Foundation\\Bootstrap\\{closure}()
#11 C:\\Users\\ASUS\\Desktop\\Maquette-1\\vendor\\laravel\\framework\\src\\Illuminate\\Foundation\\Bootstrap\\LoadConfiguration.php(77): Illuminate\\Foundation\\Bootstrap\\LoadConfiguration->loadConfigurationFile(Object(Illuminate\\Config\\Repository), 'adminlte', 'C:\\\\Users\\\\ASUS\\\\D...', Array)
#12 C:\\Users\\ASUS\\Desktop\\Maquette-1\\vendor\\laravel\\framework\\src\\Illuminate\\Foundation\\Bootstrap\\LoadConfiguration.php(38): Illuminate\\Foundation\\Bootstrap\\LoadConfiguration->loadConfigurationFiles(Object(Illuminate\\Foundation\\Application), Object(Illuminate\\Config\\Repository))
#13 C:\\Users\\ASUS\\Desktop\\Maquette-1\\vendor\\laravel\\framework\\src\\Illuminate\\Foundation\\Application.php(316): Illuminate\\Foundation\\Bootstrap\\LoadConfiguration->bootstrap(Object(Illuminate\\Foundation\\Application))
#14 C:\\Users\\ASUS\\Desktop\\Maquette-1\\vendor\\laravel\\framework\\src\\Illuminate\\Foundation\\Console\\Kernel.php(474): Illuminate\\Foundation\\Application->bootstrapWith(Array)
#15 C:\\Users\\ASUS\\Desktop\\Maquette-1\\vendor\\laravel\\framework\\src\\Illuminate\\Foundation\\Console\\Kernel.php(196): Illuminate\\Foundation\\Console\\Kernel->bootstrap()
#16 C:\\Users\\ASUS\\Desktop\\Maquette-1\\vendor\\laravel\\framework\\src\\Illuminate\\Foundation\\Application.php(1205): Illuminate\\Foundation\\Console\\Kernel->handle(Object(Symfony\\Component\\Console\\Input\\ArgvInput), Object(Symfony\\Component\\Console\\Output\\ConsoleOutput))
#17 C:\\Users\\ASUS\\Desktop\\Maquette-1\\artisan(13): Illuminate\\Foundation\\Application->handleCommand(Object(Symfony\\Component\\Console\\Input\\ArgvInput))
#18 {main}
"} 
[2025-01-10 00:26:28] laravel.EMERGENCY: Unable to create configured logger. Using emergency logger. {"exception":"[object] (InvalidArgumentException(code: 0): Log [] is not defined. at C:\\Users\\ASUS\\Desktop\\Maquette-1\\vendor\\laravel\\framework\\src\\Illuminate\\Log\\LogManager.php:232)
[stacktrace]
#0 C:\\Users\\ASUS\\Desktop\\Maquette-1\\vendor\\laravel\\framework\\src\\Illuminate\\Log\\LogManager.php(139): Illuminate\\Log\\LogManager->resolve('', NULL)
#1 C:\\Users\\ASUS\\Desktop\\Maquette-1\\vendor\\laravel\\framework\\src\\Illuminate\\Log\\LogManager.php(126): Illuminate\\Log\\LogManager->get('')
#2 C:\\Users\\ASUS\\Desktop\\Maquette-1\\vendor\\laravel\\framework\\src\\Illuminate\\Log\\LogManager.php(701): Illuminate\\Log\\LogManager->driver()
#3 C:\\Users\\ASUS\\Desktop\\Maquette-1\\vendor\\laravel\\framework\\src\\Illuminate\\Foundation\\Exceptions\\Handler.php(380): Illuminate\\Log\\LogManager->error('Illuminate\\\\Rout...', Array)
#4 C:\\Users\\ASUS\\Desktop\\Maquette-1\\vendor\\laravel\\framework\\src\\Illuminate\\Foundation\\Exceptions\\Handler.php(343): Illuminate\\Foundation\\Exceptions\\Handler->reportThrowable(Object(TypeError))
#5 C:\\Users\\ASUS\\Desktop\\Maquette-1\\vendor\\laravel\\framework\\src\\Illuminate\\Foundation\\Console\\Kernel.php(621): Illuminate\\Foundation\\Exceptions\\Handler->report(Object(TypeError))
#6 C:\\Users\\ASUS\\Desktop\\Maquette-1\\vendor\\laravel\\framework\\src\\Illuminate\\Foundation\\Console\\Kernel.php(200): Illuminate\\Foundation\\Console\\Kernel->reportException(Object(TypeError))
#7 C:\\Users\\ASUS\\Desktop\\Maquette-1\\vendor\\laravel\\framework\\src\\Illuminate\\Foundation\\Application.php(1205): Illuminate\\Foundation\\Console\\Kernel->handle(Object(Symfony\\Component\\Console\\Input\\ArgvInput), Object(Symfony\\Component\\Console\\Output\\ConsoleOutput))
#8 C:\\Users\\ASUS\\Desktop\\Maquette-1\\artisan(13): Illuminate\\Foundation\\Application->handleCommand(Object(Symfony\\Component\\Console\\Input\\ArgvInput))
#9 {main}
"} 
[2025-01-10 00:26:28] laravel.ERROR: Illuminate\Routing\UrlGenerator::__construct(): Argument #2 ($request) must be of type Illuminate\Http\Request, null given, called in C:\Users\ASUS\Desktop\Maquette-1\vendor\laravel\framework\src\Illuminate\Routing\RoutingServiceProvider.php on line 63 {"exception":"[object] (TypeError(code: 0): Illuminate\\Routing\\UrlGenerator::__construct(): Argument #2 ($request) must be of type Illuminate\\Http\\Request, null given, called in C:\\Users\\ASUS\\Desktop\\Maquette-1\\vendor\\laravel\\framework\\src\\Illuminate\\Routing\\RoutingServiceProvider.php on line 63 at C:\\Users\\ASUS\\Desktop\\Maquette-1\\vendor\\laravel\\framework\\src\\Illuminate\\Routing\\UrlGenerator.php:129)
[stacktrace]
#0 C:\\Users\\ASUS\\Desktop\\Maquette-1\\vendor\\laravel\\framework\\src\\Illuminate\\Routing\\RoutingServiceProvider.php(63): Illuminate\\Routing\\UrlGenerator->__construct(Object(Illuminate\\Routing\\RouteCollection), NULL, NULL)
#1 C:\\Users\\ASUS\\Desktop\\Maquette-1\\vendor\\laravel\\framework\\src\\Illuminate\\Container\\Container.php(937): Illuminate\\Routing\\RoutingServiceProvider->Illuminate\\Routing\\{closure}(Object(Illuminate\\Foundation\\Application), Array)
#2 C:\\Users\\ASUS\\Desktop\\Maquette-1\\vendor\\laravel\\framework\\src\\Illuminate\\Container\\Container.php(819): Illuminate\\Container\\Container->build(Object(Closure))
#3 C:\\Users\\ASUS\\Desktop\\Maquette-1\\vendor\\laravel\\framework\\src\\Illuminate\\Foundation\\Application.php(1048): Illuminate\\Container\\Container->resolve('url', Array, true)
#4 C:\\Users\\ASUS\\Desktop\\Maquette-1\\vendor\\laravel\\framework\\src\\Illuminate\\Container\\Container.php(755): Illuminate\\Foundation\\Application->resolve('url', Array)
#5 C:\\Users\\ASUS\\Desktop\\Maquette-1\\vendor\\laravel\\framework\\src\\Illuminate\\Foundation\\Application.php(1030): Illuminate\\Container\\Container->make('url', Array)
#6 C:\\Users\\ASUS\\Desktop\\Maquette-1\\vendor\\laravel\\framework\\src\\Illuminate\\Foundation\\helpers.php(124): Illuminate\\Foundation\\Application->make('url', Array)
#7 C:\\Users\\ASUS\\Desktop\\Maquette-1\\vendor\\laravel\\framework\\src\\Illuminate\\Foundation\\helpers.php(853): app('url')
#8 C:\\Users\\ASUS\\Desktop\\Maquette-1\\config\\adminlte.php(327): route('create.qcm')
#9 C:\\Users\\ASUS\\Desktop\\Maquette-1\\vendor\\laravel\\framework\\src\\Illuminate\\Foundation\\Bootstrap\\LoadConfiguration.php(96): require('C:\\\\Users\\\\ASUS\\\\D...')
#10 C:\\Users\\ASUS\\Desktop\\Maquette-1\\vendor\\laravel\\framework\\src\\Illuminate\\Foundation\\Bootstrap\\LoadConfiguration.php(96): Illuminate\\Foundation\\Bootstrap\\LoadConfiguration->Illuminate\\Foundation\\Bootstrap\\{closure}()
#11 C:\\Users\\ASUS\\Desktop\\Maquette-1\\vendor\\laravel\\framework\\src\\Illuminate\\Foundation\\Bootstrap\\LoadConfiguration.php(77): Illuminate\\Foundation\\Bootstrap\\LoadConfiguration->loadConfigurationFile(Object(Illuminate\\Config\\Repository), 'adminlte', 'C:\\\\Users\\\\ASUS\\\\D...', Array)
#12 C:\\Users\\ASUS\\Desktop\\Maquette-1\\vendor\\laravel\\framework\\src\\Illuminate\\Foundation\\Bootstrap\\LoadConfiguration.php(38): Illuminate\\Foundation\\Bootstrap\\LoadConfiguration->loadConfigurationFiles(Object(Illuminate\\Foundation\\Application), Object(Illuminate\\Config\\Repository))
#13 C:\\Users\\ASUS\\Desktop\\Maquette-1\\vendor\\laravel\\framework\\src\\Illuminate\\Foundation\\Application.php(316): Illuminate\\Foundation\\Bootstrap\\LoadConfiguration->bootstrap(Object(Illuminate\\Foundation\\Application))
#14 C:\\Users\\ASUS\\Desktop\\Maquette-1\\vendor\\laravel\\framework\\src\\Illuminate\\Foundation\\Console\\Kernel.php(474): Illuminate\\Foundation\\Application->bootstrapWith(Array)
#15 C:\\Users\\ASUS\\Desktop\\Maquette-1\\vendor\\laravel\\framework\\src\\Illuminate\\Foundation\\Console\\Kernel.php(196): Illuminate\\Foundation\\Console\\Kernel->bootstrap()
#16 C:\\Users\\ASUS\\Desktop\\Maquette-1\\vendor\\laravel\\framework\\src\\Illuminate\\Foundation\\Application.php(1205): Illuminate\\Foundation\\Console\\Kernel->handle(Object(Symfony\\Component\\Console\\Input\\ArgvInput), Object(Symfony\\Component\\Console\\Output\\ConsoleOutput))
#17 C:\\Users\\ASUS\\Desktop\\Maquette-1\\artisan(13): Illuminate\\Foundation\\Application->handleCommand(Object(Symfony\\Component\\Console\\Input\\ArgvInput))
#18 {main}
"} 
[2025-01-09 23:28:42] local.ERROR: Illuminate\Routing\UrlGenerator::__construct(): Argument #2 ($request) must be of type Illuminate\Http\Request, null given, called in C:\Users\ASUS\Desktop\Maquette-1\vendor\laravel\framework\src\Illuminate\Routing\RoutingServiceProvider.php on line 63 {"exception":"[object] (TypeError(code: 0): Illuminate\\Routing\\UrlGenerator::__construct(): Argument #2 ($request) must be of type Illuminate\\Http\\Request, null given, called in C:\\Users\\ASUS\\Desktop\\Maquette-1\\vendor\\laravel\\framework\\src\\Illuminate\\Routing\\RoutingServiceProvider.php on line 63 at C:\\Users\\ASUS\\Desktop\\Maquette-1\\vendor\\laravel\\framework\\src\\Illuminate\\Routing\\UrlGenerator.php:129)
[stacktrace]
#0 C:\\Users\\ASUS\\Desktop\\Maquette-1\\vendor\\laravel\\framework\\src\\Illuminate\\Routing\\RoutingServiceProvider.php(63): Illuminate\\Routing\\UrlGenerator->__construct(Object(Illuminate\\Routing\\RouteCollection), NULL, NULL)
#1 C:\\Users\\ASUS\\Desktop\\Maquette-1\\vendor\\laravel\\framework\\src\\Illuminate\\Container\\Container.php(937): Illuminate\\Routing\\RoutingServiceProvider->Illuminate\\Routing\\{closure}(Object(Illuminate\\Foundation\\Application), Array)
#2 C:\\Users\\ASUS\\Desktop\\Maquette-1\\vendor\\laravel\\framework\\src\\Illuminate\\Container\\Container.php(819): Illuminate\\Container\\Container->build(Object(Closure))
#3 C:\\Users\\ASUS\\Desktop\\Maquette-1\\vendor\\laravel\\framework\\src\\Illuminate\\Foundation\\Application.php(1048): Illuminate\\Container\\Container->resolve('url', Array, true)
#4 C:\\Users\\ASUS\\Desktop\\Maquette-1\\vendor\\laravel\\framework\\src\\Illuminate\\Container\\Container.php(755): Illuminate\\Foundation\\Application->resolve('url', Array)
#5 C:\\Users\\ASUS\\Desktop\\Maquette-1\\vendor\\laravel\\framework\\src\\Illuminate\\Foundation\\Application.php(1030): Illuminate\\Container\\Container->make('url', Array)
#6 C:\\Users\\ASUS\\Desktop\\Maquette-1\\vendor\\laravel\\framework\\src\\Illuminate\\Foundation\\helpers.php(124): Illuminate\\Foundation\\Application->make('url', Array)
#7 C:\\Users\\ASUS\\Desktop\\Maquette-1\\vendor\\laravel\\framework\\src\\Illuminate\\Foundation\\helpers.php(853): app('url')
#8 C:\\Users\\ASUS\\Desktop\\Maquette-1\\config\\adminlte.php(327): route('create.qcm')
#9 C:\\Users\\ASUS\\Desktop\\Maquette-1\\vendor\\laravel\\framework\\src\\Illuminate\\Foundation\\Bootstrap\\LoadConfiguration.php(96): require('C:\\\\Users\\\\ASUS\\\\D...')
#10 C:\\Users\\ASUS\\Desktop\\Maquette-1\\vendor\\laravel\\framework\\src\\Illuminate\\Foundation\\Bootstrap\\LoadConfiguration.php(96): Illuminate\\Foundation\\Bootstrap\\LoadConfiguration->Illuminate\\Foundation\\Bootstrap\\{closure}()
#11 C:\\Users\\ASUS\\Desktop\\Maquette-1\\vendor\\laravel\\framework\\src\\Illuminate\\Foundation\\Bootstrap\\LoadConfiguration.php(77): Illuminate\\Foundation\\Bootstrap\\LoadConfiguration->loadConfigurationFile(Object(Illuminate\\Config\\Repository), 'adminlte', 'C:\\\\Users\\\\ASUS\\\\D...', Array)
#12 C:\\Users\\ASUS\\Desktop\\Maquette-1\\vendor\\laravel\\framework\\src\\Illuminate\\Foundation\\Bootstrap\\LoadConfiguration.php(38): Illuminate\\Foundation\\Bootstrap\\LoadConfiguration->loadConfigurationFiles(Object(Illuminate\\Foundation\\Application), Object(Illuminate\\Config\\Repository))
#13 C:\\Users\\ASUS\\Desktop\\Maquette-1\\vendor\\laravel\\framework\\src\\Illuminate\\Foundation\\Application.php(316): Illuminate\\Foundation\\Bootstrap\\LoadConfiguration->bootstrap(Object(Illuminate\\Foundation\\Application))
#14 C:\\Users\\ASUS\\Desktop\\Maquette-1\\vendor\\laravel\\framework\\src\\Illuminate\\Foundation\\Console\\Kernel.php(474): Illuminate\\Foundation\\Application->bootstrapWith(Array)
#15 C:\\Users\\ASUS\\Desktop\\Maquette-1\\vendor\\laravel\\framework\\src\\Illuminate\\Foundation\\Console\\ConfigCacheCommand.php(90): Illuminate\\Foundation\\Console\\Kernel->bootstrap()
#16 C:\\Users\\ASUS\\Desktop\\Maquette-1\\vendor\\laravel\\framework\\src\\Illuminate\\Foundation\\Console\\ConfigCacheCommand.php(60): Illuminate\\Foundation\\Console\\ConfigCacheCommand->getFreshConfiguration()
#17 C:\\Users\\ASUS\\Desktop\\Maquette-1\\vendor\\laravel\\framework\\src\\Illuminate\\Container\\BoundMethod.php(36): Illuminate\\Foundation\\Console\\ConfigCacheCommand->handle()
#18 C:\\Users\\ASUS\\Desktop\\Maquette-1\\vendor\\laravel\\framework\\src\\Illuminate\\Container\\Util.php(43): Illuminate\\Container\\BoundMethod::Illuminate\\Container\\{closure}()
#19 C:\\Users\\ASUS\\Desktop\\Maquette-1\\vendor\\laravel\\framework\\src\\Illuminate\\Container\\BoundMethod.php(95): Illuminate\\Container\\Util::unwrapIfClosure(Object(Closure))
#20 C:\\Users\\ASUS\\Desktop\\Maquette-1\\vendor\\laravel\\framework\\src\\Illuminate\\Container\\BoundMethod.php(35): Illuminate\\Container\\BoundMethod::callBoundMethod(Object(Illuminate\\Foundation\\Application), Array, Object(Closure))
#21 C:\\Users\\ASUS\\Desktop\\Maquette-1\\vendor\\laravel\\framework\\src\\Illuminate\\Container\\Container.php(694): Illuminate\\Container\\BoundMethod::call(Object(Illuminate\\Foundation\\Application), Array, Array, NULL)
#22 C:\\Users\\ASUS\\Desktop\\Maquette-1\\vendor\\laravel\\framework\\src\\Illuminate\\Console\\Command.php(213): Illuminate\\Container\\Container->call(Array)
#23 C:\\Users\\ASUS\\Desktop\\Maquette-1\\vendor\\symfony\\console\\Command\\Command.php(279): Illuminate\\Console\\Command->execute(Object(Symfony\\Component\\Console\\Input\\ArgvInput), Object(Illuminate\\Console\\OutputStyle))
#24 C:\\Users\\ASUS\\Desktop\\Maquette-1\\vendor\\laravel\\framework\\src\\Illuminate\\Console\\Command.php(182): Symfony\\Component\\Console\\Command\\Command->run(Object(Symfony\\Component\\Console\\Input\\ArgvInput), Object(Illuminate\\Console\\OutputStyle))
#25 C:\\Users\\ASUS\\Desktop\\Maquette-1\\vendor\\symfony\\console\\Application.php(1094): Illuminate\\Console\\Command->run(Object(Symfony\\Component\\Console\\Input\\ArgvInput), Object(Symfony\\Component\\Console\\Output\\ConsoleOutput))
#26 C:\\Users\\ASUS\\Desktop\\Maquette-1\\vendor\\symfony\\console\\Application.php(342): Symfony\\Component\\Console\\Application->doRunCommand(Object(Illuminate\\Foundation\\Console\\ConfigCacheCommand), Object(Symfony\\Component\\Console\\Input\\ArgvInput), Object(Symfony\\Component\\Console\\Output\\ConsoleOutput))
#27 C:\\Users\\ASUS\\Desktop\\Maquette-1\\vendor\\symfony\\console\\Application.php(193): Symfony\\Component\\Console\\Application->doRun(Object(Symfony\\Component\\Console\\Input\\ArgvInput), Object(Symfony\\Component\\Console\\Output\\ConsoleOutput))
#28 C:\\Users\\ASUS\\Desktop\\Maquette-1\\vendor\\laravel\\framework\\src\\Illuminate\\Foundation\\Console\\Kernel.php(198): Symfony\\Component\\Console\\Application->run(Object(Symfony\\Component\\Console\\Input\\ArgvInput), Object(Symfony\\Component\\Console\\Output\\ConsoleOutput))
#29 C:\\Users\\ASUS\\Desktop\\Maquette-1\\vendor\\laravel\\framework\\src\\Illuminate\\Foundation\\Application.php(1205): Illuminate\\Foundation\\Console\\Kernel->handle(Object(Symfony\\Component\\Console\\Input\\ArgvInput), Object(Symfony\\Component\\Console\\Output\\ConsoleOutput))
#30 C:\\Users\\ASUS\\Desktop\\Maquette-1\\artisan(13): Illuminate\\Foundation\\Application->handleCommand(Object(Symfony\\Component\\Console\\Input\\ArgvInput))
#31 {main}
"} 
[2025-01-10 00:29:00] laravel.EMERGENCY: Unable to create configured logger. Using emergency logger. {"exception":"[object] (InvalidArgumentException(code: 0): Log [] is not defined. at C:\\Users\\ASUS\\Desktop\\Maquette-1\\vendor\\laravel\\framework\\src\\Illuminate\\Log\\LogManager.php:232)
[stacktrace]
#0 C:\\Users\\ASUS\\Desktop\\Maquette-1\\vendor\\laravel\\framework\\src\\Illuminate\\Log\\LogManager.php(139): Illuminate\\Log\\LogManager->resolve('', NULL)
#1 C:\\Users\\ASUS\\Desktop\\Maquette-1\\vendor\\laravel\\framework\\src\\Illuminate\\Log\\LogManager.php(126): Illuminate\\Log\\LogManager->get('')
#2 C:\\Users\\ASUS\\Desktop\\Maquette-1\\vendor\\laravel\\framework\\src\\Illuminate\\Log\\LogManager.php(701): Illuminate\\Log\\LogManager->driver()
#3 C:\\Users\\ASUS\\Desktop\\Maquette-1\\vendor\\laravel\\framework\\src\\Illuminate\\Foundation\\Exceptions\\Handler.php(380): Illuminate\\Log\\LogManager->error('Route [create.q...', Array)
#4 C:\\Users\\ASUS\\Desktop\\Maquette-1\\vendor\\laravel\\framework\\src\\Illuminate\\Foundation\\Exceptions\\Handler.php(343): Illuminate\\Foundation\\Exceptions\\Handler->reportThrowable(Object(Symfony\\Component\\Routing\\Exception\\RouteNotFoundException))
#5 C:\\Users\\ASUS\\Desktop\\Maquette-1\\vendor\\laravel\\framework\\src\\Illuminate\\Foundation\\Http\\Kernel.php(563): Illuminate\\Foundation\\Exceptions\\Handler->report(Object(Symfony\\Component\\Routing\\Exception\\RouteNotFoundException))
#6 C:\\Users\\ASUS\\Desktop\\Maquette-1\\vendor\\laravel\\framework\\src\\Illuminate\\Foundation\\Http\\Kernel.php(147): Illuminate\\Foundation\\Http\\Kernel->reportException(Object(Symfony\\Component\\Routing\\Exception\\RouteNotFoundException))
#7 C:\\Users\\ASUS\\Desktop\\Maquette-1\\vendor\\laravel\\framework\\src\\Illuminate\\Foundation\\Application.php(1190): Illuminate\\Foundation\\Http\\Kernel->handle(Object(Illuminate\\Http\\Request))
#8 C:\\Users\\ASUS\\Desktop\\Maquette-1\\public\\index.php(17): Illuminate\\Foundation\\Application->handleRequest(Object(Illuminate\\Http\\Request))
#9 C:\\Users\\ASUS\\Desktop\\Maquette-1\\vendor\\laravel\\framework\\src\\Illuminate\\Foundation\\resources\\server.php(23): require_once('C:\\\\Users\\\\ASUS\\\\D...')
#10 {main}
"} 
[2025-01-10 00:29:00] laravel.ERROR: Route [create.qcm] not defined. {"exception":"[object] (Symfony\\Component\\Routing\\Exception\\RouteNotFoundException(code: 0): Route [create.qcm] not defined. at C:\\Users\\ASUS\\Desktop\\Maquette-1\\vendor\\laravel\\framework\\src\\Illuminate\\Routing\\UrlGenerator.php:517)
[stacktrace]
#0 C:\\Users\\ASUS\\Desktop\\Maquette-1\\vendor\\laravel\\framework\\src\\Illuminate\\Foundation\\helpers.php(853): Illuminate\\Routing\\UrlGenerator->route('create.qcm', Array, true)
#1 C:\\Users\\ASUS\\Desktop\\Maquette-1\\config\\adminlte.php(327): route('create.qcm')
#2 C:\\Users\\ASUS\\Desktop\\Maquette-1\\vendor\\laravel\\framework\\src\\Illuminate\\Foundation\\Bootstrap\\LoadConfiguration.php(96): require('C:\\\\Users\\\\ASUS\\\\D...')
#3 C:\\Users\\ASUS\\Desktop\\Maquette-1\\vendor\\laravel\\framework\\src\\Illuminate\\Foundation\\Bootstrap\\LoadConfiguration.php(96): Illuminate\\Foundation\\Bootstrap\\LoadConfiguration->Illuminate\\Foundation\\Bootstrap\\{closure}()
#4 C:\\Users\\ASUS\\Desktop\\Maquette-1\\vendor\\laravel\\framework\\src\\Illuminate\\Foundation\\Bootstrap\\LoadConfiguration.php(77): Illuminate\\Foundation\\Bootstrap\\LoadConfiguration->loadConfigurationFile(Object(Illuminate\\Config\\Repository), 'adminlte', 'C:\\\\Users\\\\ASUS\\\\D...', Array)
#5 C:\\Users\\ASUS\\Desktop\\Maquette-1\\vendor\\laravel\\framework\\src\\Illuminate\\Foundation\\Bootstrap\\LoadConfiguration.php(38): Illuminate\\Foundation\\Bootstrap\\LoadConfiguration->loadConfigurationFiles(Object(Illuminate\\Foundation\\Application), Object(Illuminate\\Config\\Repository))
#6 C:\\Users\\ASUS\\Desktop\\Maquette-1\\vendor\\laravel\\framework\\src\\Illuminate\\Foundation\\Application.php(316): Illuminate\\Foundation\\Bootstrap\\LoadConfiguration->bootstrap(Object(Illuminate\\Foundation\\Application))
#7 C:\\Users\\ASUS\\Desktop\\Maquette-1\\vendor\\laravel\\framework\\src\\Illuminate\\Foundation\\Http\\Kernel.php(187): Illuminate\\Foundation\\Application->bootstrapWith(Array)
#8 C:\\Users\\ASUS\\Desktop\\Maquette-1\\vendor\\laravel\\framework\\src\\Illuminate\\Foundation\\Http\\Kernel.php(171): Illuminate\\Foundation\\Http\\Kernel->bootstrap()
#9 C:\\Users\\ASUS\\Desktop\\Maquette-1\\vendor\\laravel\\framework\\src\\Illuminate\\Foundation\\Http\\Kernel.php(145): Illuminate\\Foundation\\Http\\Kernel->sendRequestThroughRouter(Object(Illuminate\\Http\\Request))
#10 C:\\Users\\ASUS\\Desktop\\Maquette-1\\vendor\\laravel\\framework\\src\\Illuminate\\Foundation\\Application.php(1190): Illuminate\\Foundation\\Http\\Kernel->handle(Object(Illuminate\\Http\\Request))
#11 C:\\Users\\ASUS\\Desktop\\Maquette-1\\public\\index.php(17): Illuminate\\Foundation\\Application->handleRequest(Object(Illuminate\\Http\\Request))
#12 C:\\Users\\ASUS\\Desktop\\Maquette-1\\vendor\\laravel\\framework\\src\\Illuminate\\Foundation\\resources\\server.php(23): require_once('C:\\\\Users\\\\ASUS\\\\D...')
#13 {main}
"} 
[2025-01-10 00:30:57] laravel.EMERGENCY: Unable to create configured logger. Using emergency logger. {"exception":"[object] (InvalidArgumentException(code: 0): Log [] is not defined. at C:\\Users\\ASUS\\Desktop\\Maquette-1\\vendor\\laravel\\framework\\src\\Illuminate\\Log\\LogManager.php:232)
[stacktrace]
#0 C:\\Users\\ASUS\\Desktop\\Maquette-1\\vendor\\laravel\\framework\\src\\Illuminate\\Log\\LogManager.php(139): Illuminate\\Log\\LogManager->resolve('', NULL)
#1 C:\\Users\\ASUS\\Desktop\\Maquette-1\\vendor\\laravel\\framework\\src\\Illuminate\\Log\\LogManager.php(126): Illuminate\\Log\\LogManager->get('')
#2 C:\\Users\\ASUS\\Desktop\\Maquette-1\\vendor\\laravel\\framework\\src\\Illuminate\\Log\\LogManager.php(701): Illuminate\\Log\\LogManager->driver()
#3 C:\\Users\\ASUS\\Desktop\\Maquette-1\\vendor\\laravel\\framework\\src\\Illuminate\\Foundation\\Exceptions\\Handler.php(380): Illuminate\\Log\\LogManager->error('Route [create.q...', Array)
#4 C:\\Users\\ASUS\\Desktop\\Maquette-1\\vendor\\laravel\\framework\\src\\Illuminate\\Foundation\\Exceptions\\Handler.php(343): Illuminate\\Foundation\\Exceptions\\Handler->reportThrowable(Object(Symfony\\Component\\Routing\\Exception\\RouteNotFoundException))
#5 C:\\Users\\ASUS\\Desktop\\Maquette-1\\vendor\\laravel\\framework\\src\\Illuminate\\Foundation\\Http\\Kernel.php(563): Illuminate\\Foundation\\Exceptions\\Handler->report(Object(Symfony\\Component\\Routing\\Exception\\RouteNotFoundException))
#6 C:\\Users\\ASUS\\Desktop\\Maquette-1\\vendor\\laravel\\framework\\src\\Illuminate\\Foundation\\Http\\Kernel.php(147): Illuminate\\Foundation\\Http\\Kernel->reportException(Object(Symfony\\Component\\Routing\\Exception\\RouteNotFoundException))
#7 C:\\Users\\ASUS\\Desktop\\Maquette-1\\vendor\\laravel\\framework\\src\\Illuminate\\Foundation\\Application.php(1190): Illuminate\\Foundation\\Http\\Kernel->handle(Object(Illuminate\\Http\\Request))
#8 C:\\Users\\ASUS\\Desktop\\Maquette-1\\public\\index.php(17): Illuminate\\Foundation\\Application->handleRequest(Object(Illuminate\\Http\\Request))
#9 C:\\Users\\ASUS\\Desktop\\Maquette-1\\vendor\\laravel\\framework\\src\\Illuminate\\Foundation\\resources\\server.php(23): require_once('C:\\\\Users\\\\ASUS\\\\D...')
#10 {main}
"} 
[2025-01-10 00:30:57] laravel.ERROR: Route [create.qcm] not defined. {"exception":"[object] (Symfony\\Component\\Routing\\Exception\\RouteNotFoundException(code: 0): Route [create.qcm] not defined. at C:\\Users\\ASUS\\Desktop\\Maquette-1\\vendor\\laravel\\framework\\src\\Illuminate\\Routing\\UrlGenerator.php:517)
[stacktrace]
#0 C:\\Users\\ASUS\\Desktop\\Maquette-1\\vendor\\laravel\\framework\\src\\Illuminate\\Foundation\\helpers.php(853): Illuminate\\Routing\\UrlGenerator->route('create.qcm', Array, true)
#1 C:\\Users\\ASUS\\Desktop\\Maquette-1\\config\\adminlte.php(327): route('create.qcm')
#2 C:\\Users\\ASUS\\Desktop\\Maquette-1\\vendor\\laravel\\framework\\src\\Illuminate\\Foundation\\Bootstrap\\LoadConfiguration.php(96): require('C:\\\\Users\\\\ASUS\\\\D...')
#3 C:\\Users\\ASUS\\Desktop\\Maquette-1\\vendor\\laravel\\framework\\src\\Illuminate\\Foundation\\Bootstrap\\LoadConfiguration.php(96): Illuminate\\Foundation\\Bootstrap\\LoadConfiguration->Illuminate\\Foundation\\Bootstrap\\{closure}()
#4 C:\\Users\\ASUS\\Desktop\\Maquette-1\\vendor\\laravel\\framework\\src\\Illuminate\\Foundation\\Bootstrap\\LoadConfiguration.php(77): Illuminate\\Foundation\\Bootstrap\\LoadConfiguration->loadConfigurationFile(Object(Illuminate\\Config\\Repository), 'adminlte', 'C:\\\\Users\\\\ASUS\\\\D...', Array)
#5 C:\\Users\\ASUS\\Desktop\\Maquette-1\\vendor\\laravel\\framework\\src\\Illuminate\\Foundation\\Bootstrap\\LoadConfiguration.php(38): Illuminate\\Foundation\\Bootstrap\\LoadConfiguration->loadConfigurationFiles(Object(Illuminate\\Foundation\\Application), Object(Illuminate\\Config\\Repository))
#6 C:\\Users\\ASUS\\Desktop\\Maquette-1\\vendor\\laravel\\framework\\src\\Illuminate\\Foundation\\Application.php(316): Illuminate\\Foundation\\Bootstrap\\LoadConfiguration->bootstrap(Object(Illuminate\\Foundation\\Application))
#7 C:\\Users\\ASUS\\Desktop\\Maquette-1\\vendor\\laravel\\framework\\src\\Illuminate\\Foundation\\Http\\Kernel.php(187): Illuminate\\Foundation\\Application->bootstrapWith(Array)
#8 C:\\Users\\ASUS\\Desktop\\Maquette-1\\vendor\\laravel\\framework\\src\\Illuminate\\Foundation\\Http\\Kernel.php(171): Illuminate\\Foundation\\Http\\Kernel->bootstrap()
#9 C:\\Users\\ASUS\\Desktop\\Maquette-1\\vendor\\laravel\\framework\\src\\Illuminate\\Foundation\\Http\\Kernel.php(145): Illuminate\\Foundation\\Http\\Kernel->sendRequestThroughRouter(Object(Illuminate\\Http\\Request))
#10 C:\\Users\\ASUS\\Desktop\\Maquette-1\\vendor\\laravel\\framework\\src\\Illuminate\\Foundation\\Application.php(1190): Illuminate\\Foundation\\Http\\Kernel->handle(Object(Illuminate\\Http\\Request))
#11 C:\\Users\\ASUS\\Desktop\\Maquette-1\\public\\index.php(17): Illuminate\\Foundation\\Application->handleRequest(Object(Illuminate\\Http\\Request))
#12 C:\\Users\\ASUS\\Desktop\\Maquette-1\\vendor\\laravel\\framework\\src\\Illuminate\\Foundation\\resources\\server.php(23): require_once('C:\\\\Users\\\\ASUS\\\\D...')
#13 {main}
"} 
[2025-01-10 00:31:12] laravel.EMERGENCY: Unable to create configured logger. Using emergency logger. {"exception":"[object] (InvalidArgumentException(code: 0): Log [] is not defined. at C:\\Users\\ASUS\\Desktop\\Maquette-1\\vendor\\laravel\\framework\\src\\Illuminate\\Log\\LogManager.php:232)
[stacktrace]
#0 C:\\Users\\ASUS\\Desktop\\Maquette-1\\vendor\\laravel\\framework\\src\\Illuminate\\Log\\LogManager.php(139): Illuminate\\Log\\LogManager->resolve('', NULL)
#1 C:\\Users\\ASUS\\Desktop\\Maquette-1\\vendor\\laravel\\framework\\src\\Illuminate\\Log\\LogManager.php(126): Illuminate\\Log\\LogManager->get('')
#2 C:\\Users\\ASUS\\Desktop\\Maquette-1\\vendor\\laravel\\framework\\src\\Illuminate\\Log\\LogManager.php(701): Illuminate\\Log\\LogManager->driver()
#3 C:\\Users\\ASUS\\Desktop\\Maquette-1\\vendor\\laravel\\framework\\src\\Illuminate\\Foundation\\Exceptions\\Handler.php(380): Illuminate\\Log\\LogManager->error('Illuminate\\\\Rout...', Array)
#4 C:\\Users\\ASUS\\Desktop\\Maquette-1\\vendor\\laravel\\framework\\src\\Illuminate\\Foundation\\Exceptions\\Handler.php(343): Illuminate\\Foundation\\Exceptions\\Handler->reportThrowable(Object(TypeError))
#5 C:\\Users\\ASUS\\Desktop\\Maquette-1\\vendor\\laravel\\framework\\src\\Illuminate\\Foundation\\Console\\Kernel.php(621): Illuminate\\Foundation\\Exceptions\\Handler->report(Object(TypeError))
#6 C:\\Users\\ASUS\\Desktop\\Maquette-1\\vendor\\laravel\\framework\\src\\Illuminate\\Foundation\\Console\\Kernel.php(200): Illuminate\\Foundation\\Console\\Kernel->reportException(Object(TypeError))
#7 C:\\Users\\ASUS\\Desktop\\Maquette-1\\vendor\\laravel\\framework\\src\\Illuminate\\Foundation\\Application.php(1205): Illuminate\\Foundation\\Console\\Kernel->handle(Object(Symfony\\Component\\Console\\Input\\ArgvInput), Object(Symfony\\Component\\Console\\Output\\ConsoleOutput))
#8 C:\\Users\\ASUS\\Desktop\\Maquette-1\\artisan(13): Illuminate\\Foundation\\Application->handleCommand(Object(Symfony\\Component\\Console\\Input\\ArgvInput))
#9 {main}
"} 
[2025-01-10 00:31:12] laravel.ERROR: Illuminate\Routing\UrlGenerator::__construct(): Argument #2 ($request) must be of type Illuminate\Http\Request, null given, called in C:\Users\ASUS\Desktop\Maquette-1\vendor\laravel\framework\src\Illuminate\Routing\RoutingServiceProvider.php on line 63 {"exception":"[object] (TypeError(code: 0): Illuminate\\Routing\\UrlGenerator::__construct(): Argument #2 ($request) must be of type Illuminate\\Http\\Request, null given, called in C:\\Users\\ASUS\\Desktop\\Maquette-1\\vendor\\laravel\\framework\\src\\Illuminate\\Routing\\RoutingServiceProvider.php on line 63 at C:\\Users\\ASUS\\Desktop\\Maquette-1\\vendor\\laravel\\framework\\src\\Illuminate\\Routing\\UrlGenerator.php:129)
[stacktrace]
#0 C:\\Users\\ASUS\\Desktop\\Maquette-1\\vendor\\laravel\\framework\\src\\Illuminate\\Routing\\RoutingServiceProvider.php(63): Illuminate\\Routing\\UrlGenerator->__construct(Object(Illuminate\\Routing\\RouteCollection), NULL, NULL)
#1 C:\\Users\\ASUS\\Desktop\\Maquette-1\\vendor\\laravel\\framework\\src\\Illuminate\\Container\\Container.php(937): Illuminate\\Routing\\RoutingServiceProvider->Illuminate\\Routing\\{closure}(Object(Illuminate\\Foundation\\Application), Array)
#2 C:\\Users\\ASUS\\Desktop\\Maquette-1\\vendor\\laravel\\framework\\src\\Illuminate\\Container\\Container.php(819): Illuminate\\Container\\Container->build(Object(Closure))
#3 C:\\Users\\ASUS\\Desktop\\Maquette-1\\vendor\\laravel\\framework\\src\\Illuminate\\Foundation\\Application.php(1048): Illuminate\\Container\\Container->resolve('url', Array, true)
#4 C:\\Users\\ASUS\\Desktop\\Maquette-1\\vendor\\laravel\\framework\\src\\Illuminate\\Container\\Container.php(755): Illuminate\\Foundation\\Application->resolve('url', Array)
#5 C:\\Users\\ASUS\\Desktop\\Maquette-1\\vendor\\laravel\\framework\\src\\Illuminate\\Foundation\\Application.php(1030): Illuminate\\Container\\Container->make('url', Array)
#6 C:\\Users\\ASUS\\Desktop\\Maquette-1\\vendor\\laravel\\framework\\src\\Illuminate\\Foundation\\helpers.php(124): Illuminate\\Foundation\\Application->make('url', Array)
#7 C:\\Users\\ASUS\\Desktop\\Maquette-1\\vendor\\laravel\\framework\\src\\Illuminate\\Foundation\\helpers.php(853): app('url')
#8 C:\\Users\\ASUS\\Desktop\\Maquette-1\\config\\adminlte.php(327): route('create.qcm')
#9 C:\\Users\\ASUS\\Desktop\\Maquette-1\\vendor\\laravel\\framework\\src\\Illuminate\\Foundation\\Bootstrap\\LoadConfiguration.php(96): require('C:\\\\Users\\\\ASUS\\\\D...')
#10 C:\\Users\\ASUS\\Desktop\\Maquette-1\\vendor\\laravel\\framework\\src\\Illuminate\\Foundation\\Bootstrap\\LoadConfiguration.php(96): Illuminate\\Foundation\\Bootstrap\\LoadConfiguration->Illuminate\\Foundation\\Bootstrap\\{closure}()
#11 C:\\Users\\ASUS\\Desktop\\Maquette-1\\vendor\\laravel\\framework\\src\\Illuminate\\Foundation\\Bootstrap\\LoadConfiguration.php(77): Illuminate\\Foundation\\Bootstrap\\LoadConfiguration->loadConfigurationFile(Object(Illuminate\\Config\\Repository), 'adminlte', 'C:\\\\Users\\\\ASUS\\\\D...', Array)
#12 C:\\Users\\ASUS\\Desktop\\Maquette-1\\vendor\\laravel\\framework\\src\\Illuminate\\Foundation\\Bootstrap\\LoadConfiguration.php(38): Illuminate\\Foundation\\Bootstrap\\LoadConfiguration->loadConfigurationFiles(Object(Illuminate\\Foundation\\Application), Object(Illuminate\\Config\\Repository))
#13 C:\\Users\\ASUS\\Desktop\\Maquette-1\\vendor\\laravel\\framework\\src\\Illuminate\\Foundation\\Application.php(316): Illuminate\\Foundation\\Bootstrap\\LoadConfiguration->bootstrap(Object(Illuminate\\Foundation\\Application))
#14 C:\\Users\\ASUS\\Desktop\\Maquette-1\\vendor\\laravel\\framework\\src\\Illuminate\\Foundation\\Console\\Kernel.php(474): Illuminate\\Foundation\\Application->bootstrapWith(Array)
#15 C:\\Users\\ASUS\\Desktop\\Maquette-1\\vendor\\laravel\\framework\\src\\Illuminate\\Foundation\\Console\\Kernel.php(196): Illuminate\\Foundation\\Console\\Kernel->bootstrap()
#16 C:\\Users\\ASUS\\Desktop\\Maquette-1\\vendor\\laravel\\framework\\src\\Illuminate\\Foundation\\Application.php(1205): Illuminate\\Foundation\\Console\\Kernel->handle(Object(Symfony\\Component\\Console\\Input\\ArgvInput), Object(Symfony\\Component\\Console\\Output\\ConsoleOutput))
#17 C:\\Users\\ASUS\\Desktop\\Maquette-1\\artisan(13): Illuminate\\Foundation\\Application->handleCommand(Object(Symfony\\Component\\Console\\Input\\ArgvInput))
#18 {main}
"} 
[2025-01-09 23:37:34] local.ERROR: View [admin.pages] not found. {"exception":"[object] (InvalidArgumentException(code: 0): View [admin.pages] not found. at C:\\Users\\ASUS\\Desktop\\Maquette-1\\vendor\\laravel\\framework\\src\\Illuminate\\View\\FileViewFinder.php:139)
[stacktrace]
#0 C:\\Users\\ASUS\\Desktop\\Maquette-1\\vendor\\laravel\\framework\\src\\Illuminate\\View\\FileViewFinder.php(79): Illuminate\\View\\FileViewFinder->findInPaths('admin.pages', Array)
#1 C:\\Users\\ASUS\\Desktop\\Maquette-1\\vendor\\laravel\\framework\\src\\Illuminate\\View\\Factory.php(151): Illuminate\\View\\FileViewFinder->find('admin.pages')
#2 C:\\Users\\ASUS\\Desktop\\Maquette-1\\vendor\\laravel\\framework\\src\\Illuminate\\Foundation\\helpers.php(1062): Illuminate\\View\\Factory->make('admin.pages', Array, Array)
#3 C:\\Users\\ASUS\\Desktop\\Maquette-1\\routes\\web.php(14): view('admin.pages')
#4 C:\\Users\\ASUS\\Desktop\\Maquette-1\\vendor\\laravel\\framework\\src\\Illuminate\\Routing\\CallableDispatcher.php(40): Illuminate\\Routing\\RouteFileRegistrar->{closure}()
#5 C:\\Users\\ASUS\\Desktop\\Maquette-1\\vendor\\laravel\\framework\\src\\Illuminate\\Routing\\Route.php(244): Illuminate\\Routing\\CallableDispatcher->dispatch(Object(Illuminate\\Routing\\Route), Object(Closure))
#6 C:\\Users\\ASUS\\Desktop\\Maquette-1\\vendor\\laravel\\framework\\src\\Illuminate\\Routing\\Route.php(215): Illuminate\\Routing\\Route->runCallable()
#7 C:\\Users\\ASUS\\Desktop\\Maquette-1\\vendor\\laravel\\framework\\src\\Illuminate\\Routing\\Router.php(808): Illuminate\\Routing\\Route->run()
#8 C:\\Users\\ASUS\\Desktop\\Maquette-1\\vendor\\laravel\\framework\\src\\Illuminate\\Pipeline\\Pipeline.php(144): Illuminate\\Routing\\Router->Illuminate\\Routing\\{closure}(Object(Illuminate\\Http\\Request))
#9 C:\\Users\\ASUS\\Desktop\\Maquette-1\\vendor\\laravel\\framework\\src\\Illuminate\\Routing\\Middleware\\SubstituteBindings.php(51): Illuminate\\Pipeline\\Pipeline->Illuminate\\Pipeline\\{closure}(Object(Illuminate\\Http\\Request))
#10 C:\\Users\\ASUS\\Desktop\\Maquette-1\\vendor\\laravel\\framework\\src\\Illuminate\\Pipeline\\Pipeline.php(183): Illuminate\\Routing\\Middleware\\SubstituteBindings->handle(Object(Illuminate\\Http\\Request), Object(Closure))
#11 C:\\Users\\ASUS\\Desktop\\Maquette-1\\vendor\\laravel\\framework\\src\\Illuminate\\Foundation\\Http\\Middleware\\VerifyCsrfToken.php(88): Illuminate\\Pipeline\\Pipeline->Illuminate\\Pipeline\\{closure}(Object(Illuminate\\Http\\Request))
#12 C:\\Users\\ASUS\\Desktop\\Maquette-1\\vendor\\laravel\\framework\\src\\Illuminate\\Pipeline\\Pipeline.php(183): Illuminate\\Foundation\\Http\\Middleware\\VerifyCsrfToken->handle(Object(Illuminate\\Http\\Request), Object(Closure))
#13 C:\\Users\\ASUS\\Desktop\\Maquette-1\\vendor\\laravel\\framework\\src\\Illuminate\\View\\Middleware\\ShareErrorsFromSession.php(49): Illuminate\\Pipeline\\Pipeline->Illuminate\\Pipeline\\{closure}(Object(Illuminate\\Http\\Request))
#14 C:\\Users\\ASUS\\Desktop\\Maquette-1\\vendor\\laravel\\framework\\src\\Illuminate\\Pipeline\\Pipeline.php(183): Illuminate\\View\\Middleware\\ShareErrorsFromSession->handle(Object(Illuminate\\Http\\Request), Object(Closure))
#15 C:\\Users\\ASUS\\Desktop\\Maquette-1\\vendor\\laravel\\framework\\src\\Illuminate\\Session\\Middleware\\StartSession.php(121): Illuminate\\Pipeline\\Pipeline->Illuminate\\Pipeline\\{closure}(Object(Illuminate\\Http\\Request))
#16 C:\\Users\\ASUS\\Desktop\\Maquette-1\\vendor\\laravel\\framework\\src\\Illuminate\\Session\\Middleware\\StartSession.php(64): Illuminate\\Session\\Middleware\\StartSession->handleStatefulRequest(Object(Illuminate\\Http\\Request), Object(Illuminate\\Session\\Store), Object(Closure))
#17 C:\\Users\\ASUS\\Desktop\\Maquette-1\\vendor\\laravel\\framework\\src\\Illuminate\\Pipeline\\Pipeline.php(183): Illuminate\\Session\\Middleware\\StartSession->handle(Object(Illuminate\\Http\\Request), Object(Closure))
#18 C:\\Users\\ASUS\\Desktop\\Maquette-1\\vendor\\laravel\\framework\\src\\Illuminate\\Cookie\\Middleware\\AddQueuedCookiesToResponse.php(37): Illuminate\\Pipeline\\Pipeline->Illuminate\\Pipeline\\{closure}(Object(Illuminate\\Http\\Request))
#19 C:\\Users\\ASUS\\Desktop\\Maquette-1\\vendor\\laravel\\framework\\src\\Illuminate\\Pipeline\\Pipeline.php(183): Illuminate\\Cookie\\Middleware\\AddQueuedCookiesToResponse->handle(Object(Illuminate\\Http\\Request), Object(Closure))
#20 C:\\Users\\ASUS\\Desktop\\Maquette-1\\vendor\\laravel\\framework\\src\\Illuminate\\Cookie\\Middleware\\EncryptCookies.php(75): Illuminate\\Pipeline\\Pipeline->Illuminate\\Pipeline\\{closure}(Object(Illuminate\\Http\\Request))
#21 C:\\Users\\ASUS\\Desktop\\Maquette-1\\vendor\\laravel\\framework\\src\\Illuminate\\Pipeline\\Pipeline.php(183): Illuminate\\Cookie\\Middleware\\EncryptCookies->handle(Object(Illuminate\\Http\\Request), Object(Closure))
#22 C:\\Users\\ASUS\\Desktop\\Maquette-1\\vendor\\laravel\\framework\\src\\Illuminate\\Pipeline\\Pipeline.php(119): Illuminate\\Pipeline\\Pipeline->Illuminate\\Pipeline\\{closure}(Object(Illuminate\\Http\\Request))
#23 C:\\Users\\ASUS\\Desktop\\Maquette-1\\vendor\\laravel\\framework\\src\\Illuminate\\Routing\\Router.php(807): Illuminate\\Pipeline\\Pipeline->then(Object(Closure))
#24 C:\\Users\\ASUS\\Desktop\\Maquette-1\\vendor\\laravel\\framework\\src\\Illuminate\\Routing\\Router.php(786): Illuminate\\Routing\\Router->runRouteWithinStack(Object(Illuminate\\Routing\\Route), Object(Illuminate\\Http\\Request))
#25 C:\\Users\\ASUS\\Desktop\\Maquette-1\\vendor\\laravel\\framework\\src\\Illuminate\\Routing\\Router.php(750): Illuminate\\Routing\\Router->runRoute(Object(Illuminate\\Http\\Request), Object(Illuminate\\Routing\\Route))
#26 C:\\Users\\ASUS\\Desktop\\Maquette-1\\vendor\\laravel\\framework\\src\\Illuminate\\Routing\\Router.php(739): Illuminate\\Routing\\Router->dispatchToRoute(Object(Illuminate\\Http\\Request))
#27 C:\\Users\\ASUS\\Desktop\\Maquette-1\\vendor\\laravel\\framework\\src\\Illuminate\\Foundation\\Http\\Kernel.php(201): Illuminate\\Routing\\Router->dispatch(Object(Illuminate\\Http\\Request))
#28 C:\\Users\\ASUS\\Desktop\\Maquette-1\\vendor\\laravel\\framework\\src\\Illuminate\\Pipeline\\Pipeline.php(144): Illuminate\\Foundation\\Http\\Kernel->Illuminate\\Foundation\\Http\\{closure}(Object(Illuminate\\Http\\Request))
#29 C:\\Users\\ASUS\\Desktop\\Maquette-1\\vendor\\laravel\\framework\\src\\Illuminate\\Foundation\\Http\\Middleware\\TransformsRequest.php(21): Illuminate\\Pipeline\\Pipeline->Illuminate\\Pipeline\\{closure}(Object(Illuminate\\Http\\Request))
#30 C:\\Users\\ASUS\\Desktop\\Maquette-1\\vendor\\laravel\\framework\\src\\Illuminate\\Foundation\\Http\\Middleware\\ConvertEmptyStringsToNull.php(31): Illuminate\\Foundation\\Http\\Middleware\\TransformsRequest->handle(Object(Illuminate\\Http\\Request), Object(Closure))
#31 C:\\Users\\ASUS\\Desktop\\Maquette-1\\vendor\\laravel\\framework\\src\\Illuminate\\Pipeline\\Pipeline.php(183): Illuminate\\Foundation\\Http\\Middleware\\ConvertEmptyStringsToNull->handle(Object(Illuminate\\Http\\Request), Object(Closure))
#32 C:\\Users\\ASUS\\Desktop\\Maquette-1\\vendor\\laravel\\framework\\src\\Illuminate\\Foundation\\Http\\Middleware\\TransformsRequest.php(21): Illuminate\\Pipeline\\Pipeline->Illuminate\\Pipeline\\{closure}(Object(Illuminate\\Http\\Request))
#33 C:\\Users\\ASUS\\Desktop\\Maquette-1\\vendor\\laravel\\framework\\src\\Illuminate\\Foundation\\Http\\Middleware\\TrimStrings.php(51): Illuminate\\Foundation\\Http\\Middleware\\TransformsRequest->handle(Object(Illuminate\\Http\\Request), Object(Closure))
#34 C:\\Users\\ASUS\\Desktop\\Maquette-1\\vendor\\laravel\\framework\\src\\Illuminate\\Pipeline\\Pipeline.php(183): Illuminate\\Foundation\\Http\\Middleware\\TrimStrings->handle(Object(Illuminate\\Http\\Request), Object(Closure))
#35 C:\\Users\\ASUS\\Desktop\\Maquette-1\\vendor\\laravel\\framework\\src\\Illuminate\\Http\\Middleware\\ValidatePostSize.php(27): Illuminate\\Pipeline\\Pipeline->Illuminate\\Pipeline\\{closure}(Object(Illuminate\\Http\\Request))
#36 C:\\Users\\ASUS\\Desktop\\Maquette-1\\vendor\\laravel\\framework\\src\\Illuminate\\Pipeline\\Pipeline.php(183): Illuminate\\Http\\Middleware\\ValidatePostSize->handle(Object(Illuminate\\Http\\Request), Object(Closure))
#37 C:\\Users\\ASUS\\Desktop\\Maquette-1\\vendor\\laravel\\framework\\src\\Illuminate\\Foundation\\Http\\Middleware\\PreventRequestsDuringMaintenance.php(110): Illuminate\\Pipeline\\Pipeline->Illuminate\\Pipeline\\{closure}(Object(Illuminate\\Http\\Request))
#38 C:\\Users\\ASUS\\Desktop\\Maquette-1\\vendor\\laravel\\framework\\src\\Illuminate\\Pipeline\\Pipeline.php(183): Illuminate\\Foundation\\Http\\Middleware\\PreventRequestsDuringMaintenance->handle(Object(Illuminate\\Http\\Request), Object(Closure))
#39 C:\\Users\\ASUS\\Desktop\\Maquette-1\\vendor\\laravel\\framework\\src\\Illuminate\\Http\\Middleware\\HandleCors.php(49): Illuminate\\Pipeline\\Pipeline->Illuminate\\Pipeline\\{closure}(Object(Illuminate\\Http\\Request))
#40 C:\\Users\\ASUS\\Desktop\\Maquette-1\\vendor\\laravel\\framework\\src\\Illuminate\\Pipeline\\Pipeline.php(183): Illuminate\\Http\\Middleware\\HandleCors->handle(Object(Illuminate\\Http\\Request), Object(Closure))
#41 C:\\Users\\ASUS\\Desktop\\Maquette-1\\vendor\\laravel\\framework\\src\\Illuminate\\Http\\Middleware\\TrustProxies.php(58): Illuminate\\Pipeline\\Pipeline->Illuminate\\Pipeline\\{closure}(Object(Illuminate\\Http\\Request))
#42 C:\\Users\\ASUS\\Desktop\\Maquette-1\\vendor\\laravel\\framework\\src\\Illuminate\\Pipeline\\Pipeline.php(183): Illuminate\\Http\\Middleware\\TrustProxies->handle(Object(Illuminate\\Http\\Request), Object(Closure))
#43 C:\\Users\\ASUS\\Desktop\\Maquette-1\\vendor\\laravel\\framework\\src\\Illuminate\\Foundation\\Http\\Middleware\\InvokeDeferredCallbacks.php(22): Illuminate\\Pipeline\\Pipeline->Illuminate\\Pipeline\\{closure}(Object(Illuminate\\Http\\Request))
#44 C:\\Users\\ASUS\\Desktop\\Maquette-1\\vendor\\laravel\\framework\\src\\Illuminate\\Pipeline\\Pipeline.php(183): Illuminate\\Foundation\\Http\\Middleware\\InvokeDeferredCallbacks->handle(Object(Illuminate\\Http\\Request), Object(Closure))
#45 C:\\Users\\ASUS\\Desktop\\Maquette-1\\vendor\\laravel\\framework\\src\\Illuminate\\Pipeline\\Pipeline.php(119): Illuminate\\Pipeline\\Pipeline->Illuminate\\Pipeline\\{closure}(Object(Illuminate\\Http\\Request))
#46 C:\\Users\\ASUS\\Desktop\\Maquette-1\\vendor\\laravel\\framework\\src\\Illuminate\\Foundation\\Http\\Kernel.php(176): Illuminate\\Pipeline\\Pipeline->then(Object(Closure))
#47 C:\\Users\\ASUS\\Desktop\\Maquette-1\\vendor\\laravel\\framework\\src\\Illuminate\\Foundation\\Http\\Kernel.php(145): Illuminate\\Foundation\\Http\\Kernel->sendRequestThroughRouter(Object(Illuminate\\Http\\Request))
#48 C:\\Users\\ASUS\\Desktop\\Maquette-1\\vendor\\laravel\\framework\\src\\Illuminate\\Foundation\\Application.php(1190): Illuminate\\Foundation\\Http\\Kernel->handle(Object(Illuminate\\Http\\Request))
#49 C:\\Users\\ASUS\\Desktop\\Maquette-1\\public\\index.php(17): Illuminate\\Foundation\\Application->handleRequest(Object(Illuminate\\Http\\Request))
#50 C:\\Users\\ASUS\\Desktop\\Maquette-1\\vendor\\laravel\\framework\\src\\Illuminate\\Foundation\\resources\\server.php(23): require_once('C:\\\\Users\\\\ASUS\\\\D...')
#51 {main}
"} 
[2025-01-14 14:17:29] local.ERROR: View [admin.pages] not found. {"exception":"[object] (InvalidArgumentException(code: 0): View [admin.pages] not found. at C:\\Users\\ASUS\\Desktop\\Maquette-1\\vendor\\laravel\\framework\\src\\Illuminate\\View\\FileViewFinder.php:139)
[stacktrace]
#0 C:\\Users\\ASUS\\Desktop\\Maquette-1\\vendor\\laravel\\framework\\src\\Illuminate\\View\\FileViewFinder.php(79): Illuminate\\View\\FileViewFinder->findInPaths('admin.pages', Array)
#1 C:\\Users\\ASUS\\Desktop\\Maquette-1\\vendor\\laravel\\framework\\src\\Illuminate\\View\\Factory.php(151): Illuminate\\View\\FileViewFinder->find('admin.pages')
#2 C:\\Users\\ASUS\\Desktop\\Maquette-1\\vendor\\laravel\\framework\\src\\Illuminate\\Foundation\\helpers.php(1062): Illuminate\\View\\Factory->make('admin.pages', Array, Array)
#3 C:\\Users\\ASUS\\Desktop\\Maquette-1\\routes\\web.php(14): view('admin.pages')
#4 C:\\Users\\ASUS\\Desktop\\Maquette-1\\vendor\\laravel\\framework\\src\\Illuminate\\Routing\\CallableDispatcher.php(40): Illuminate\\Routing\\RouteFileRegistrar->{closure}()
#5 C:\\Users\\ASUS\\Desktop\\Maquette-1\\vendor\\laravel\\framework\\src\\Illuminate\\Routing\\Route.php(244): Illuminate\\Routing\\CallableDispatcher->dispatch(Object(Illuminate\\Routing\\Route), Object(Closure))
#6 C:\\Users\\ASUS\\Desktop\\Maquette-1\\vendor\\laravel\\framework\\src\\Illuminate\\Routing\\Route.php(215): Illuminate\\Routing\\Route->runCallable()
#7 C:\\Users\\ASUS\\Desktop\\Maquette-1\\vendor\\laravel\\framework\\src\\Illuminate\\Routing\\Router.php(808): Illuminate\\Routing\\Route->run()
#8 C:\\Users\\ASUS\\Desktop\\Maquette-1\\vendor\\laravel\\framework\\src\\Illuminate\\Pipeline\\Pipeline.php(144): Illuminate\\Routing\\Router->Illuminate\\Routing\\{closure}(Object(Illuminate\\Http\\Request))
#9 C:\\Users\\ASUS\\Desktop\\Maquette-1\\vendor\\laravel\\framework\\src\\Illuminate\\Routing\\Middleware\\SubstituteBindings.php(51): Illuminate\\Pipeline\\Pipeline->Illuminate\\Pipeline\\{closure}(Object(Illuminate\\Http\\Request))
#10 C:\\Users\\ASUS\\Desktop\\Maquette-1\\vendor\\laravel\\framework\\src\\Illuminate\\Pipeline\\Pipeline.php(183): Illuminate\\Routing\\Middleware\\SubstituteBindings->handle(Object(Illuminate\\Http\\Request), Object(Closure))
#11 C:\\Users\\ASUS\\Desktop\\Maquette-1\\vendor\\laravel\\framework\\src\\Illuminate\\Foundation\\Http\\Middleware\\VerifyCsrfToken.php(88): Illuminate\\Pipeline\\Pipeline->Illuminate\\Pipeline\\{closure}(Object(Illuminate\\Http\\Request))
#12 C:\\Users\\ASUS\\Desktop\\Maquette-1\\vendor\\laravel\\framework\\src\\Illuminate\\Pipeline\\Pipeline.php(183): Illuminate\\Foundation\\Http\\Middleware\\VerifyCsrfToken->handle(Object(Illuminate\\Http\\Request), Object(Closure))
#13 C:\\Users\\ASUS\\Desktop\\Maquette-1\\vendor\\laravel\\framework\\src\\Illuminate\\View\\Middleware\\ShareErrorsFromSession.php(49): Illuminate\\Pipeline\\Pipeline->Illuminate\\Pipeline\\{closure}(Object(Illuminate\\Http\\Request))
#14 C:\\Users\\ASUS\\Desktop\\Maquette-1\\vendor\\laravel\\framework\\src\\Illuminate\\Pipeline\\Pipeline.php(183): Illuminate\\View\\Middleware\\ShareErrorsFromSession->handle(Object(Illuminate\\Http\\Request), Object(Closure))
#15 C:\\Users\\ASUS\\Desktop\\Maquette-1\\vendor\\laravel\\framework\\src\\Illuminate\\Session\\Middleware\\StartSession.php(121): Illuminate\\Pipeline\\Pipeline->Illuminate\\Pipeline\\{closure}(Object(Illuminate\\Http\\Request))
#16 C:\\Users\\ASUS\\Desktop\\Maquette-1\\vendor\\laravel\\framework\\src\\Illuminate\\Session\\Middleware\\StartSession.php(64): Illuminate\\Session\\Middleware\\StartSession->handleStatefulRequest(Object(Illuminate\\Http\\Request), Object(Illuminate\\Session\\Store), Object(Closure))
#17 C:\\Users\\ASUS\\Desktop\\Maquette-1\\vendor\\laravel\\framework\\src\\Illuminate\\Pipeline\\Pipeline.php(183): Illuminate\\Session\\Middleware\\StartSession->handle(Object(Illuminate\\Http\\Request), Object(Closure))
#18 C:\\Users\\ASUS\\Desktop\\Maquette-1\\vendor\\laravel\\framework\\src\\Illuminate\\Cookie\\Middleware\\AddQueuedCookiesToResponse.php(37): Illuminate\\Pipeline\\Pipeline->Illuminate\\Pipeline\\{closure}(Object(Illuminate\\Http\\Request))
#19 C:\\Users\\ASUS\\Desktop\\Maquette-1\\vendor\\laravel\\framework\\src\\Illuminate\\Pipeline\\Pipeline.php(183): Illuminate\\Cookie\\Middleware\\AddQueuedCookiesToResponse->handle(Object(Illuminate\\Http\\Request), Object(Closure))
#20 C:\\Users\\ASUS\\Desktop\\Maquette-1\\vendor\\laravel\\framework\\src\\Illuminate\\Cookie\\Middleware\\EncryptCookies.php(75): Illuminate\\Pipeline\\Pipeline->Illuminate\\Pipeline\\{closure}(Object(Illuminate\\Http\\Request))
#21 C:\\Users\\ASUS\\Desktop\\Maquette-1\\vendor\\laravel\\framework\\src\\Illuminate\\Pipeline\\Pipeline.php(183): Illuminate\\Cookie\\Middleware\\EncryptCookies->handle(Object(Illuminate\\Http\\Request), Object(Closure))
#22 C:\\Users\\ASUS\\Desktop\\Maquette-1\\vendor\\laravel\\framework\\src\\Illuminate\\Pipeline\\Pipeline.php(119): Illuminate\\Pipeline\\Pipeline->Illuminate\\Pipeline\\{closure}(Object(Illuminate\\Http\\Request))
#23 C:\\Users\\ASUS\\Desktop\\Maquette-1\\vendor\\laravel\\framework\\src\\Illuminate\\Routing\\Router.php(807): Illuminate\\Pipeline\\Pipeline->then(Object(Closure))
#24 C:\\Users\\ASUS\\Desktop\\Maquette-1\\vendor\\laravel\\framework\\src\\Illuminate\\Routing\\Router.php(786): Illuminate\\Routing\\Router->runRouteWithinStack(Object(Illuminate\\Routing\\Route), Object(Illuminate\\Http\\Request))
#25 C:\\Users\\ASUS\\Desktop\\Maquette-1\\vendor\\laravel\\framework\\src\\Illuminate\\Routing\\Router.php(750): Illuminate\\Routing\\Router->runRoute(Object(Illuminate\\Http\\Request), Object(Illuminate\\Routing\\Route))
#26 C:\\Users\\ASUS\\Desktop\\Maquette-1\\vendor\\laravel\\framework\\src\\Illuminate\\Routing\\Router.php(739): Illuminate\\Routing\\Router->dispatchToRoute(Object(Illuminate\\Http\\Request))
#27 C:\\Users\\ASUS\\Desktop\\Maquette-1\\vendor\\laravel\\framework\\src\\Illuminate\\Foundation\\Http\\Kernel.php(201): Illuminate\\Routing\\Router->dispatch(Object(Illuminate\\Http\\Request))
#28 C:\\Users\\ASUS\\Desktop\\Maquette-1\\vendor\\laravel\\framework\\src\\Illuminate\\Pipeline\\Pipeline.php(144): Illuminate\\Foundation\\Http\\Kernel->Illuminate\\Foundation\\Http\\{closure}(Object(Illuminate\\Http\\Request))
#29 C:\\Users\\ASUS\\Desktop\\Maquette-1\\vendor\\laravel\\framework\\src\\Illuminate\\Foundation\\Http\\Middleware\\TransformsRequest.php(21): Illuminate\\Pipeline\\Pipeline->Illuminate\\Pipeline\\{closure}(Object(Illuminate\\Http\\Request))
#30 C:\\Users\\ASUS\\Desktop\\Maquette-1\\vendor\\laravel\\framework\\src\\Illuminate\\Foundation\\Http\\Middleware\\ConvertEmptyStringsToNull.php(31): Illuminate\\Foundation\\Http\\Middleware\\TransformsRequest->handle(Object(Illuminate\\Http\\Request), Object(Closure))
#31 C:\\Users\\ASUS\\Desktop\\Maquette-1\\vendor\\laravel\\framework\\src\\Illuminate\\Pipeline\\Pipeline.php(183): Illuminate\\Foundation\\Http\\Middleware\\ConvertEmptyStringsToNull->handle(Object(Illuminate\\Http\\Request), Object(Closure))
#32 C:\\Users\\ASUS\\Desktop\\Maquette-1\\vendor\\laravel\\framework\\src\\Illuminate\\Foundation\\Http\\Middleware\\TransformsRequest.php(21): Illuminate\\Pipeline\\Pipeline->Illuminate\\Pipeline\\{closure}(Object(Illuminate\\Http\\Request))
#33 C:\\Users\\ASUS\\Desktop\\Maquette-1\\vendor\\laravel\\framework\\src\\Illuminate\\Foundation\\Http\\Middleware\\TrimStrings.php(51): Illuminate\\Foundation\\Http\\Middleware\\TransformsRequest->handle(Object(Illuminate\\Http\\Request), Object(Closure))
#34 C:\\Users\\ASUS\\Desktop\\Maquette-1\\vendor\\laravel\\framework\\src\\Illuminate\\Pipeline\\Pipeline.php(183): Illuminate\\Foundation\\Http\\Middleware\\TrimStrings->handle(Object(Illuminate\\Http\\Request), Object(Closure))
#35 C:\\Users\\ASUS\\Desktop\\Maquette-1\\vendor\\laravel\\framework\\src\\Illuminate\\Http\\Middleware\\ValidatePostSize.php(27): Illuminate\\Pipeline\\Pipeline->Illuminate\\Pipeline\\{closure}(Object(Illuminate\\Http\\Request))
#36 C:\\Users\\ASUS\\Desktop\\Maquette-1\\vendor\\laravel\\framework\\src\\Illuminate\\Pipeline\\Pipeline.php(183): Illuminate\\Http\\Middleware\\ValidatePostSize->handle(Object(Illuminate\\Http\\Request), Object(Closure))
#37 C:\\Users\\ASUS\\Desktop\\Maquette-1\\vendor\\laravel\\framework\\src\\Illuminate\\Foundation\\Http\\Middleware\\PreventRequestsDuringMaintenance.php(110): Illuminate\\Pipeline\\Pipeline->Illuminate\\Pipeline\\{closure}(Object(Illuminate\\Http\\Request))
#38 C:\\Users\\ASUS\\Desktop\\Maquette-1\\vendor\\laravel\\framework\\src\\Illuminate\\Pipeline\\Pipeline.php(183): Illuminate\\Foundation\\Http\\Middleware\\PreventRequestsDuringMaintenance->handle(Object(Illuminate\\Http\\Request), Object(Closure))
#39 C:\\Users\\ASUS\\Desktop\\Maquette-1\\vendor\\laravel\\framework\\src\\Illuminate\\Http\\Middleware\\HandleCors.php(49): Illuminate\\Pipeline\\Pipeline->Illuminate\\Pipeline\\{closure}(Object(Illuminate\\Http\\Request))
#40 C:\\Users\\ASUS\\Desktop\\Maquette-1\\vendor\\laravel\\framework\\src\\Illuminate\\Pipeline\\Pipeline.php(183): Illuminate\\Http\\Middleware\\HandleCors->handle(Object(Illuminate\\Http\\Request), Object(Closure))
#41 C:\\Users\\ASUS\\Desktop\\Maquette-1\\vendor\\laravel\\framework\\src\\Illuminate\\Http\\Middleware\\TrustProxies.php(58): Illuminate\\Pipeline\\Pipeline->Illuminate\\Pipeline\\{closure}(Object(Illuminate\\Http\\Request))
#42 C:\\Users\\ASUS\\Desktop\\Maquette-1\\vendor\\laravel\\framework\\src\\Illuminate\\Pipeline\\Pipeline.php(183): Illuminate\\Http\\Middleware\\TrustProxies->handle(Object(Illuminate\\Http\\Request), Object(Closure))
#43 C:\\Users\\ASUS\\Desktop\\Maquette-1\\vendor\\laravel\\framework\\src\\Illuminate\\Foundation\\Http\\Middleware\\InvokeDeferredCallbacks.php(22): Illuminate\\Pipeline\\Pipeline->Illuminate\\Pipeline\\{closure}(Object(Illuminate\\Http\\Request))
#44 C:\\Users\\ASUS\\Desktop\\Maquette-1\\vendor\\laravel\\framework\\src\\Illuminate\\Pipeline\\Pipeline.php(183): Illuminate\\Foundation\\Http\\Middleware\\InvokeDeferredCallbacks->handle(Object(Illuminate\\Http\\Request), Object(Closure))
#45 C:\\Users\\ASUS\\Desktop\\Maquette-1\\vendor\\laravel\\framework\\src\\Illuminate\\Pipeline\\Pipeline.php(119): Illuminate\\Pipeline\\Pipeline->Illuminate\\Pipeline\\{closure}(Object(Illuminate\\Http\\Request))
#46 C:\\Users\\ASUS\\Desktop\\Maquette-1\\vendor\\laravel\\framework\\src\\Illuminate\\Foundation\\Http\\Kernel.php(176): Illuminate\\Pipeline\\Pipeline->then(Object(Closure))
#47 C:\\Users\\ASUS\\Desktop\\Maquette-1\\vendor\\laravel\\framework\\src\\Illuminate\\Foundation\\Http\\Kernel.php(145): Illuminate\\Foundation\\Http\\Kernel->sendRequestThroughRouter(Object(Illuminate\\Http\\Request))
#48 C:\\Users\\ASUS\\Desktop\\Maquette-1\\vendor\\laravel\\framework\\src\\Illuminate\\Foundation\\Application.php(1190): Illuminate\\Foundation\\Http\\Kernel->handle(Object(Illuminate\\Http\\Request))
#49 C:\\Users\\ASUS\\Desktop\\Maquette-1\\public\\index.php(17): Illuminate\\Foundation\\Application->handleRequest(Object(Illuminate\\Http\\Request))
#50 C:\\Users\\ASUS\\Desktop\\Maquette-1\\vendor\\laravel\\framework\\src\\Illuminate\\Foundation\\resources\\server.php(23): require_once('C:\\\\Users\\\\ASUS\\\\D...')
#51 {main}
"} 
[2025-01-14 14:18:57] local.ERROR: View [admin.pages] not found. {"exception":"[object] (InvalidArgumentException(code: 0): View [admin.pages] not found. at C:\\Users\\ASUS\\Desktop\\Maquette-1\\vendor\\laravel\\framework\\src\\Illuminate\\View\\FileViewFinder.php:139)
[stacktrace]
#0 C:\\Users\\ASUS\\Desktop\\Maquette-1\\vendor\\laravel\\framework\\src\\Illuminate\\View\\FileViewFinder.php(79): Illuminate\\View\\FileViewFinder->findInPaths('admin.pages', Array)
#1 C:\\Users\\ASUS\\Desktop\\Maquette-1\\vendor\\laravel\\framework\\src\\Illuminate\\View\\Factory.php(151): Illuminate\\View\\FileViewFinder->find('admin.pages')
#2 C:\\Users\\ASUS\\Desktop\\Maquette-1\\vendor\\laravel\\framework\\src\\Illuminate\\Foundation\\helpers.php(1062): Illuminate\\View\\Factory->make('admin.pages', Array, Array)
#3 C:\\Users\\ASUS\\Desktop\\Maquette-1\\routes\\web.php(14): view('admin.pages')
#4 C:\\Users\\ASUS\\Desktop\\Maquette-1\\vendor\\laravel\\framework\\src\\Illuminate\\Routing\\CallableDispatcher.php(40): Illuminate\\Routing\\RouteFileRegistrar->{closure}()
#5 C:\\Users\\ASUS\\Desktop\\Maquette-1\\vendor\\laravel\\framework\\src\\Illuminate\\Routing\\Route.php(244): Illuminate\\Routing\\CallableDispatcher->dispatch(Object(Illuminate\\Routing\\Route), Object(Closure))
#6 C:\\Users\\ASUS\\Desktop\\Maquette-1\\vendor\\laravel\\framework\\src\\Illuminate\\Routing\\Route.php(215): Illuminate\\Routing\\Route->runCallable()
#7 C:\\Users\\ASUS\\Desktop\\Maquette-1\\vendor\\laravel\\framework\\src\\Illuminate\\Routing\\Router.php(808): Illuminate\\Routing\\Route->run()
#8 C:\\Users\\ASUS\\Desktop\\Maquette-1\\vendor\\laravel\\framework\\src\\Illuminate\\Pipeline\\Pipeline.php(144): Illuminate\\Routing\\Router->Illuminate\\Routing\\{closure}(Object(Illuminate\\Http\\Request))
#9 C:\\Users\\ASUS\\Desktop\\Maquette-1\\vendor\\laravel\\framework\\src\\Illuminate\\Routing\\Middleware\\SubstituteBindings.php(51): Illuminate\\Pipeline\\Pipeline->Illuminate\\Pipeline\\{closure}(Object(Illuminate\\Http\\Request))
#10 C:\\Users\\ASUS\\Desktop\\Maquette-1\\vendor\\laravel\\framework\\src\\Illuminate\\Pipeline\\Pipeline.php(183): Illuminate\\Routing\\Middleware\\SubstituteBindings->handle(Object(Illuminate\\Http\\Request), Object(Closure))
#11 C:\\Users\\ASUS\\Desktop\\Maquette-1\\vendor\\laravel\\framework\\src\\Illuminate\\Foundation\\Http\\Middleware\\VerifyCsrfToken.php(88): Illuminate\\Pipeline\\Pipeline->Illuminate\\Pipeline\\{closure}(Object(Illuminate\\Http\\Request))
#12 C:\\Users\\ASUS\\Desktop\\Maquette-1\\vendor\\laravel\\framework\\src\\Illuminate\\Pipeline\\Pipeline.php(183): Illuminate\\Foundation\\Http\\Middleware\\VerifyCsrfToken->handle(Object(Illuminate\\Http\\Request), Object(Closure))
#13 C:\\Users\\ASUS\\Desktop\\Maquette-1\\vendor\\laravel\\framework\\src\\Illuminate\\View\\Middleware\\ShareErrorsFromSession.php(49): Illuminate\\Pipeline\\Pipeline->Illuminate\\Pipeline\\{closure}(Object(Illuminate\\Http\\Request))
#14 C:\\Users\\ASUS\\Desktop\\Maquette-1\\vendor\\laravel\\framework\\src\\Illuminate\\Pipeline\\Pipeline.php(183): Illuminate\\View\\Middleware\\ShareErrorsFromSession->handle(Object(Illuminate\\Http\\Request), Object(Closure))
#15 C:\\Users\\ASUS\\Desktop\\Maquette-1\\vendor\\laravel\\framework\\src\\Illuminate\\Session\\Middleware\\StartSession.php(121): Illuminate\\Pipeline\\Pipeline->Illuminate\\Pipeline\\{closure}(Object(Illuminate\\Http\\Request))
#16 C:\\Users\\ASUS\\Desktop\\Maquette-1\\vendor\\laravel\\framework\\src\\Illuminate\\Session\\Middleware\\StartSession.php(64): Illuminate\\Session\\Middleware\\StartSession->handleStatefulRequest(Object(Illuminate\\Http\\Request), Object(Illuminate\\Session\\Store), Object(Closure))
#17 C:\\Users\\ASUS\\Desktop\\Maquette-1\\vendor\\laravel\\framework\\src\\Illuminate\\Pipeline\\Pipeline.php(183): Illuminate\\Session\\Middleware\\StartSession->handle(Object(Illuminate\\Http\\Request), Object(Closure))
#18 C:\\Users\\ASUS\\Desktop\\Maquette-1\\vendor\\laravel\\framework\\src\\Illuminate\\Cookie\\Middleware\\AddQueuedCookiesToResponse.php(37): Illuminate\\Pipeline\\Pipeline->Illuminate\\Pipeline\\{closure}(Object(Illuminate\\Http\\Request))
#19 C:\\Users\\ASUS\\Desktop\\Maquette-1\\vendor\\laravel\\framework\\src\\Illuminate\\Pipeline\\Pipeline.php(183): Illuminate\\Cookie\\Middleware\\AddQueuedCookiesToResponse->handle(Object(Illuminate\\Http\\Request), Object(Closure))
#20 C:\\Users\\ASUS\\Desktop\\Maquette-1\\vendor\\laravel\\framework\\src\\Illuminate\\Cookie\\Middleware\\EncryptCookies.php(75): Illuminate\\Pipeline\\Pipeline->Illuminate\\Pipeline\\{closure}(Object(Illuminate\\Http\\Request))
#21 C:\\Users\\ASUS\\Desktop\\Maquette-1\\vendor\\laravel\\framework\\src\\Illuminate\\Pipeline\\Pipeline.php(183): Illuminate\\Cookie\\Middleware\\EncryptCookies->handle(Object(Illuminate\\Http\\Request), Object(Closure))
#22 C:\\Users\\ASUS\\Desktop\\Maquette-1\\vendor\\laravel\\framework\\src\\Illuminate\\Pipeline\\Pipeline.php(119): Illuminate\\Pipeline\\Pipeline->Illuminate\\Pipeline\\{closure}(Object(Illuminate\\Http\\Request))
#23 C:\\Users\\ASUS\\Desktop\\Maquette-1\\vendor\\laravel\\framework\\src\\Illuminate\\Routing\\Router.php(807): Illuminate\\Pipeline\\Pipeline->then(Object(Closure))
#24 C:\\Users\\ASUS\\Desktop\\Maquette-1\\vendor\\laravel\\framework\\src\\Illuminate\\Routing\\Router.php(786): Illuminate\\Routing\\Router->runRouteWithinStack(Object(Illuminate\\Routing\\Route), Object(Illuminate\\Http\\Request))
#25 C:\\Users\\ASUS\\Desktop\\Maquette-1\\vendor\\laravel\\framework\\src\\Illuminate\\Routing\\Router.php(750): Illuminate\\Routing\\Router->runRoute(Object(Illuminate\\Http\\Request), Object(Illuminate\\Routing\\Route))
#26 C:\\Users\\ASUS\\Desktop\\Maquette-1\\vendor\\laravel\\framework\\src\\Illuminate\\Routing\\Router.php(739): Illuminate\\Routing\\Router->dispatchToRoute(Object(Illuminate\\Http\\Request))
#27 C:\\Users\\ASUS\\Desktop\\Maquette-1\\vendor\\laravel\\framework\\src\\Illuminate\\Foundation\\Http\\Kernel.php(201): Illuminate\\Routing\\Router->dispatch(Object(Illuminate\\Http\\Request))
#28 C:\\Users\\ASUS\\Desktop\\Maquette-1\\vendor\\laravel\\framework\\src\\Illuminate\\Pipeline\\Pipeline.php(144): Illuminate\\Foundation\\Http\\Kernel->Illuminate\\Foundation\\Http\\{closure}(Object(Illuminate\\Http\\Request))
#29 C:\\Users\\ASUS\\Desktop\\Maquette-1\\vendor\\laravel\\framework\\src\\Illuminate\\Foundation\\Http\\Middleware\\TransformsRequest.php(21): Illuminate\\Pipeline\\Pipeline->Illuminate\\Pipeline\\{closure}(Object(Illuminate\\Http\\Request))
#30 C:\\Users\\ASUS\\Desktop\\Maquette-1\\vendor\\laravel\\framework\\src\\Illuminate\\Foundation\\Http\\Middleware\\ConvertEmptyStringsToNull.php(31): Illuminate\\Foundation\\Http\\Middleware\\TransformsRequest->handle(Object(Illuminate\\Http\\Request), Object(Closure))
#31 C:\\Users\\ASUS\\Desktop\\Maquette-1\\vendor\\laravel\\framework\\src\\Illuminate\\Pipeline\\Pipeline.php(183): Illuminate\\Foundation\\Http\\Middleware\\ConvertEmptyStringsToNull->handle(Object(Illuminate\\Http\\Request), Object(Closure))
#32 C:\\Users\\ASUS\\Desktop\\Maquette-1\\vendor\\laravel\\framework\\src\\Illuminate\\Foundation\\Http\\Middleware\\TransformsRequest.php(21): Illuminate\\Pipeline\\Pipeline->Illuminate\\Pipeline\\{closure}(Object(Illuminate\\Http\\Request))
#33 C:\\Users\\ASUS\\Desktop\\Maquette-1\\vendor\\laravel\\framework\\src\\Illuminate\\Foundation\\Http\\Middleware\\TrimStrings.php(51): Illuminate\\Foundation\\Http\\Middleware\\TransformsRequest->handle(Object(Illuminate\\Http\\Request), Object(Closure))
#34 C:\\Users\\ASUS\\Desktop\\Maquette-1\\vendor\\laravel\\framework\\src\\Illuminate\\Pipeline\\Pipeline.php(183): Illuminate\\Foundation\\Http\\Middleware\\TrimStrings->handle(Object(Illuminate\\Http\\Request), Object(Closure))
#35 C:\\Users\\ASUS\\Desktop\\Maquette-1\\vendor\\laravel\\framework\\src\\Illuminate\\Http\\Middleware\\ValidatePostSize.php(27): Illuminate\\Pipeline\\Pipeline->Illuminate\\Pipeline\\{closure}(Object(Illuminate\\Http\\Request))
#36 C:\\Users\\ASUS\\Desktop\\Maquette-1\\vendor\\laravel\\framework\\src\\Illuminate\\Pipeline\\Pipeline.php(183): Illuminate\\Http\\Middleware\\ValidatePostSize->handle(Object(Illuminate\\Http\\Request), Object(Closure))
#37 C:\\Users\\ASUS\\Desktop\\Maquette-1\\vendor\\laravel\\framework\\src\\Illuminate\\Foundation\\Http\\Middleware\\PreventRequestsDuringMaintenance.php(110): Illuminate\\Pipeline\\Pipeline->Illuminate\\Pipeline\\{closure}(Object(Illuminate\\Http\\Request))
#38 C:\\Users\\ASUS\\Desktop\\Maquette-1\\vendor\\laravel\\framework\\src\\Illuminate\\Pipeline\\Pipeline.php(183): Illuminate\\Foundation\\Http\\Middleware\\PreventRequestsDuringMaintenance->handle(Object(Illuminate\\Http\\Request), Object(Closure))
#39 C:\\Users\\ASUS\\Desktop\\Maquette-1\\vendor\\laravel\\framework\\src\\Illuminate\\Http\\Middleware\\HandleCors.php(49): Illuminate\\Pipeline\\Pipeline->Illuminate\\Pipeline\\{closure}(Object(Illuminate\\Http\\Request))
#40 C:\\Users\\ASUS\\Desktop\\Maquette-1\\vendor\\laravel\\framework\\src\\Illuminate\\Pipeline\\Pipeline.php(183): Illuminate\\Http\\Middleware\\HandleCors->handle(Object(Illuminate\\Http\\Request), Object(Closure))
#41 C:\\Users\\ASUS\\Desktop\\Maquette-1\\vendor\\laravel\\framework\\src\\Illuminate\\Http\\Middleware\\TrustProxies.php(58): Illuminate\\Pipeline\\Pipeline->Illuminate\\Pipeline\\{closure}(Object(Illuminate\\Http\\Request))
#42 C:\\Users\\ASUS\\Desktop\\Maquette-1\\vendor\\laravel\\framework\\src\\Illuminate\\Pipeline\\Pipeline.php(183): Illuminate\\Http\\Middleware\\TrustProxies->handle(Object(Illuminate\\Http\\Request), Object(Closure))
#43 C:\\Users\\ASUS\\Desktop\\Maquette-1\\vendor\\laravel\\framework\\src\\Illuminate\\Foundation\\Http\\Middleware\\InvokeDeferredCallbacks.php(22): Illuminate\\Pipeline\\Pipeline->Illuminate\\Pipeline\\{closure}(Object(Illuminate\\Http\\Request))
#44 C:\\Users\\ASUS\\Desktop\\Maquette-1\\vendor\\laravel\\framework\\src\\Illuminate\\Pipeline\\Pipeline.php(183): Illuminate\\Foundation\\Http\\Middleware\\InvokeDeferredCallbacks->handle(Object(Illuminate\\Http\\Request), Object(Closure))
#45 C:\\Users\\ASUS\\Desktop\\Maquette-1\\vendor\\laravel\\framework\\src\\Illuminate\\Pipeline\\Pipeline.php(119): Illuminate\\Pipeline\\Pipeline->Illuminate\\Pipeline\\{closure}(Object(Illuminate\\Http\\Request))
#46 C:\\Users\\ASUS\\Desktop\\Maquette-1\\vendor\\laravel\\framework\\src\\Illuminate\\Foundation\\Http\\Kernel.php(176): Illuminate\\Pipeline\\Pipeline->then(Object(Closure))
#47 C:\\Users\\ASUS\\Desktop\\Maquette-1\\vendor\\laravel\\framework\\src\\Illuminate\\Foundation\\Http\\Kernel.php(145): Illuminate\\Foundation\\Http\\Kernel->sendRequestThroughRouter(Object(Illuminate\\Http\\Request))
#48 C:\\Users\\ASUS\\Desktop\\Maquette-1\\vendor\\laravel\\framework\\src\\Illuminate\\Foundation\\Application.php(1190): Illuminate\\Foundation\\Http\\Kernel->handle(Object(Illuminate\\Http\\Request))
#49 C:\\Users\\ASUS\\Desktop\\Maquette-1\\public\\index.php(17): Illuminate\\Foundation\\Application->handleRequest(Object(Illuminate\\Http\\Request))
#50 C:\\Users\\ASUS\\Desktop\\Maquette-1\\vendor\\laravel\\framework\\src\\Illuminate\\Foundation\\resources\\server.php(23): require_once('C:\\\\Users\\\\ASUS\\\\D...')
#51 {main}
"} 
